This is pdfTeX, Version 3.14159265-2.6-1.40.21 (MiKTeX 20.6.29) (preloaded format=pdflatex 2020.7.26)  19 NOV 2020 15:36
entering extended mode
**./BUAD2060_BusinessStatistics_Fall2020.tex
(BUAD2060_BusinessStatistics_Fall2020.tex
LaTeX2e <2020-02-02> patch level 5
L3 programming layer <2020-07-17>
("C:\Users\Wen\AppData\Local\Programs\MiKTeX 2.9\tex/latex/beamer\beamer.cls"
Document Class: beamer 2020/05/06 v3.58 A class for typesetting presentations

("C:\Users\Wen\AppData\Local\Programs\MiKTeX 2.9\tex/latex/beamer\beamerbasemod
es.sty"
("C:\Users\Wen\AppData\Local\Programs\MiKTeX 2.9\tex/latex/etoolbox\etoolbox.st
y"
Package: etoolbox 2020/07/15 v2.5i e-TeX tools for LaTeX (JAW)
\etb@tempcnta=\count168
)
\beamer@tempbox=\box45
\beamer@tempcount=\count169
\c@beamerpauses=\count170

("C:\Users\Wen\AppData\Local\Programs\MiKTeX 2.9\tex/latex/beamer\beamerbasedec
ode.sty"
\beamer@slideinframe=\count171
\beamer@minimum=\count172
\beamer@decode@box=\box46
)
\beamer@commentbox=\box47
\beamer@modecount=\count173
)
("C:\Users\Wen\AppData\Local\Programs\MiKTeX 2.9\tex/generic/iftex\ifpdf.sty"
Package: ifpdf 2019/10/25 v3.4 ifpdf legacy package. Use iftex instead.

("C:\Users\Wen\AppData\Local\Programs\MiKTeX 2.9\tex/generic/iftex\iftex.sty"
Package: iftex 2020/03/06 v1.0d TeX engine tests
))
\headdp=\dimen134
\footheight=\dimen135
\sidebarheight=\dimen136
\beamer@tempdim=\dimen137
\beamer@finalheight=\dimen138
\beamer@animht=\dimen139
\beamer@animdp=\dimen140
\beamer@animwd=\dimen141
\beamer@leftmargin=\dimen142
\beamer@rightmargin=\dimen143
\beamer@leftsidebar=\dimen144
\beamer@rightsidebar=\dimen145
\beamer@boxsize=\dimen146
\beamer@vboxoffset=\dimen147
\beamer@descdefault=\dimen148
\beamer@descriptionwidth=\dimen149
\beamer@lastskip=\skip47
\beamer@areabox=\box48
\beamer@animcurrent=\box49
\beamer@animshowbox=\box50
\beamer@sectionbox=\box51
\beamer@logobox=\box52
\beamer@linebox=\box53
\beamer@sectioncount=\count174
\beamer@subsubsectionmax=\count175
\beamer@subsectionmax=\count176
\beamer@sectionmax=\count177
\beamer@totalheads=\count178
\beamer@headcounter=\count179
\beamer@partstartpage=\count180
\beamer@sectionstartpage=\count181
\beamer@subsectionstartpage=\count182
\beamer@animationtempa=\count183
\beamer@animationtempb=\count184
\beamer@xpos=\count185
\beamer@ypos=\count186
\beamer@ypos@offset=\count187
\beamer@showpartnumber=\count188
\beamer@currentsubsection=\count189
\beamer@coveringdepth=\count190
\beamer@sectionadjust=\count191
\beamer@tocsectionnumber=\count192

("C:\Users\Wen\AppData\Local\Programs\MiKTeX 2.9\tex/latex/beamer\beamerbaseopt
ions.sty"
("C:\Users\Wen\AppData\Local\Programs\MiKTeX 2.9\tex/latex/graphics\keyval.sty"
Package: keyval 2014/10/28 v1.15 key=value parser (DPC)
\KV@toks@=\toks15
))
\beamer@paperwidth=\skip48
\beamer@paperheight=\skip49

("C:\Users\Wen\AppData\Local\Programs\MiKTeX 2.9\tex/latex/geometry\geometry.st
y"
Package: geometry 2020/01/02 v5.9 Page Geometry
 ("C:\Users\Wen\AppData\Local\Programs\MiKTeX 2.9\tex/generic/iftex\ifvtex.sty"
Package: ifvtex 2019/10/25 v1.7 ifvtex legacy package. Use iftex instead.
)
\Gm@cnth=\count193
\Gm@cntv=\count194
\c@Gm@tempcnt=\count195
\Gm@bindingoffset=\dimen150
\Gm@wd@mp=\dimen151
\Gm@odd@mp=\dimen152
\Gm@even@mp=\dimen153
\Gm@layoutwidth=\dimen154
\Gm@layoutheight=\dimen155
\Gm@layouthoffset=\dimen156
\Gm@layoutvoffset=\dimen157
\Gm@dimlist=\toks16

("C:\Users\Wen\AppData\Local\Programs\MiKTeX 2.9\tex/latex/geometry\geometry.cf
g")) ("C:\Users\Wen\AppData\Local\Programs\MiKTeX 2.9\tex/latex/base\size11.clo
"
File: size11.clo 2019/12/20 v1.4l Standard LaTeX file (size option)
)
("C:\Users\Wen\AppData\Local\Programs\MiKTeX 2.9\tex/latex/pgf/basiclayer\pgfco
re.sty"
("C:\Users\Wen\AppData\Local\Programs\MiKTeX 2.9\tex/latex/graphics\graphicx.st
y"
Package: graphicx 2019/11/30 v1.2a Enhanced LaTeX Graphics (DPC,SPQR)

("C:\Users\Wen\AppData\Local\Programs\MiKTeX 2.9\tex/latex/graphics\graphics.st
y"
Package: graphics 2019/11/30 v1.4a Standard LaTeX Graphics (DPC,SPQR)
 ("C:\Users\Wen\AppData\Local\Programs\MiKTeX 2.9\tex/latex/graphics\trig.sty"
Package: trig 2016/01/03 v1.10 sin cos tan (DPC)
)
("C:\Users\Wen\AppData\Local\Programs\MiKTeX 2.9\tex/latex/graphics-cfg\graphic
s.cfg"
File: graphics.cfg 2016/06/04 v1.11 sample graphics configuration
)
Package graphics Info: Driver file: pdftex.def on input line 105.

("C:\Users\Wen\AppData\Local\Programs\MiKTeX 2.9\tex/latex/graphics-def\pdftex.
def"
File: pdftex.def 2018/01/08 v1.0l Graphics/color driver for pdftex
))
\Gin@req@height=\dimen158
\Gin@req@width=\dimen159
)
("C:\Users\Wen\AppData\Local\Programs\MiKTeX 2.9\tex/latex/pgf/systemlayer\pgfs
ys.sty"
("C:\Users\Wen\AppData\Local\Programs\MiKTeX 2.9\tex/latex/pgf/utilities\pgfrcs
.sty"
("C:\Users\Wen\AppData\Local\Programs\MiKTeX 2.9\tex/generic/pgf/utilities\pgfu
til-common.tex"
\pgfutil@everybye=\toks17
\pgfutil@tempdima=\dimen160
\pgfutil@tempdimb=\dimen161

("C:\Users\Wen\AppData\Local\Programs\MiKTeX 2.9\tex/generic/pgf/utilities\pgfu
til-common-lists.tex"))
("C:\Users\Wen\AppData\Local\Programs\MiKTeX 2.9\tex/generic/pgf/utilities\pgfu
til-latex.def"
\pgfutil@abb=\box54

("C:\Users\Wen\AppData\Local\Programs\MiKTeX 2.9\tex/latex/ms\everyshi.sty"
Package: everyshi 2001/05/15 v3.00 EveryShipout Package (MS)
))
("C:\Users\Wen\AppData\Local\Programs\MiKTeX 2.9\tex/generic/pgf/utilities\pgfr
cs.code.tex"
("C:\Users\Wen\AppData\Local\Programs\MiKTeX 2.9\tex/generic/pgf\pgf.revision.t
ex")
Package: pgfrcs 2020/01/08 v3.1.5b (3.1.5b)
))
("C:\Users\Wen\AppData\Local\Programs\MiKTeX 2.9\tex/generic/pgf/systemlayer\pg
fsys.code.tex"
Package: pgfsys 2020/01/08 v3.1.5b (3.1.5b)

("C:\Users\Wen\AppData\Local\Programs\MiKTeX 2.9\tex/generic/pgf/utilities\pgfk
eys.code.tex"
\pgfkeys@pathtoks=\toks18
\pgfkeys@temptoks=\toks19

("C:\Users\Wen\AppData\Local\Programs\MiKTeX 2.9\tex/generic/pgf/utilities\pgfk
eysfiltered.code.tex"
\pgfkeys@tmptoks=\toks20
))
\pgf@x=\dimen162
\pgf@y=\dimen163
\pgf@xa=\dimen164
\pgf@ya=\dimen165
\pgf@xb=\dimen166
\pgf@yb=\dimen167
\pgf@xc=\dimen168
\pgf@yc=\dimen169
\pgf@xd=\dimen170
\pgf@yd=\dimen171
\w@pgf@writea=\write3
\r@pgf@reada=\read2
\c@pgf@counta=\count196
\c@pgf@countb=\count197
\c@pgf@countc=\count198
\c@pgf@countd=\count199
\t@pgf@toka=\toks21
\t@pgf@tokb=\toks22
\t@pgf@tokc=\toks23
\pgf@sys@id@count=\count266

("C:\Users\Wen\AppData\Local\Programs\MiKTeX 2.9\tex/generic/pgf/systemlayer\pg
f.cfg"
File: pgf.cfg 2020/01/08 v3.1.5b (3.1.5b)
)
Driver file for pgf: pgfsys-pdftex.def

("C:\Users\Wen\AppData\Local\Programs\MiKTeX 2.9\tex/generic/pgf/systemlayer\pg
fsys-pdftex.def"
File: pgfsys-pdftex.def 2020/01/08 v3.1.5b (3.1.5b)

("C:\Users\Wen\AppData\Local\Programs\MiKTeX 2.9\tex/generic/pgf/systemlayer\pg
fsys-common-pdf.def"
File: pgfsys-common-pdf.def 2020/01/08 v3.1.5b (3.1.5b)
)))
("C:\Users\Wen\AppData\Local\Programs\MiKTeX 2.9\tex/generic/pgf/systemlayer\pg
fsyssoftpath.code.tex"
File: pgfsyssoftpath.code.tex 2020/01/08 v3.1.5b (3.1.5b)
\pgfsyssoftpath@smallbuffer@items=\count267
\pgfsyssoftpath@bigbuffer@items=\count268
)
("C:\Users\Wen\AppData\Local\Programs\MiKTeX 2.9\tex/generic/pgf/systemlayer\pg
fsysprotocol.code.tex"
File: pgfsysprotocol.code.tex 2020/01/08 v3.1.5b (3.1.5b)
))
("C:\Users\Wen\AppData\Local\Programs\MiKTeX 2.9\tex/latex/xcolor\xcolor.sty"
Package: xcolor 2016/05/11 v2.12 LaTeX color extensions (UK)

("C:\Users\Wen\AppData\Local\Programs\MiKTeX 2.9\tex/latex/graphics-cfg\color.c
fg"
File: color.cfg 2016/01/02 v1.6 sample color configuration
)
Package xcolor Info: Driver file: pdftex.def on input line 225.
Package xcolor Info: Model `cmy' substituted by `cmy0' on input line 1348.
Package xcolor Info: Model `hsb' substituted by `rgb' on input line 1352.
Package xcolor Info: Model `RGB' extended on input line 1364.
Package xcolor Info: Model `HTML' substituted by `rgb' on input line 1366.
Package xcolor Info: Model `Hsb' substituted by `hsb' on input line 1367.
Package xcolor Info: Model `tHsb' substituted by `hsb' on input line 1368.
Package xcolor Info: Model `HSB' substituted by `hsb' on input line 1369.
Package xcolor Info: Model `Gray' substituted by `gray' on input line 1370.
Package xcolor Info: Model `wave' substituted by `hsb' on input line 1371.
)
("C:\Users\Wen\AppData\Local\Programs\MiKTeX 2.9\tex/generic/pgf/basiclayer\pgf
core.code.tex"
Package: pgfcore 2020/01/08 v3.1.5b (3.1.5b)

("C:\Users\Wen\AppData\Local\Programs\MiKTeX 2.9\tex/generic/pgf/math\pgfmath.c
ode.tex"
("C:\Users\Wen\AppData\Local\Programs\MiKTeX 2.9\tex/generic/pgf/math\pgfmathca
lc.code.tex"
("C:\Users\Wen\AppData\Local\Programs\MiKTeX 2.9\tex/generic/pgf/math\pgfmathut
il.code.tex")
("C:\Users\Wen\AppData\Local\Programs\MiKTeX 2.9\tex/generic/pgf/math\pgfmathpa
rser.code.tex"
\pgfmath@dimen=\dimen172
\pgfmath@count=\count269
\pgfmath@box=\box55
\pgfmath@toks=\toks24
\pgfmath@stack@operand=\toks25
\pgfmath@stack@operation=\toks26
)
("C:\Users\Wen\AppData\Local\Programs\MiKTeX 2.9\tex/generic/pgf/math\pgfmathfu
nctions.code.tex"
("C:\Users\Wen\AppData\Local\Programs\MiKTeX 2.9\tex/generic/pgf/math\pgfmathfu
nctions.basic.code.tex")
("C:\Users\Wen\AppData\Local\Programs\MiKTeX 2.9\tex/generic/pgf/math\pgfmathfu
nctions.trigonometric.code.tex")
("C:\Users\Wen\AppData\Local\Programs\MiKTeX 2.9\tex/generic/pgf/math\pgfmathfu
nctions.random.code.tex")
("C:\Users\Wen\AppData\Local\Programs\MiKTeX 2.9\tex/generic/pgf/math\pgfmathfu
nctions.comparison.code.tex")
("C:\Users\Wen\AppData\Local\Programs\MiKTeX 2.9\tex/generic/pgf/math\pgfmathfu
nctions.base.code.tex")
("C:\Users\Wen\AppData\Local\Programs\MiKTeX 2.9\tex/generic/pgf/math\pgfmathfu
nctions.round.code.tex")
("C:\Users\Wen\AppData\Local\Programs\MiKTeX 2.9\tex/generic/pgf/math\pgfmathfu
nctions.misc.code.tex")
("C:\Users\Wen\AppData\Local\Programs\MiKTeX 2.9\tex/generic/pgf/math\pgfmathfu
nctions.integerarithmetics.code.tex")))
("C:\Users\Wen\AppData\Local\Programs\MiKTeX 2.9\tex/generic/pgf/math\pgfmathfl
oat.code.tex"
\c@pgfmathroundto@lastzeros=\count270
))
("C:\Users\Wen\AppData\Local\Programs\MiKTeX 2.9\tex/generic/pgf/math\pgfint.co
de.tex")
("C:\Users\Wen\AppData\Local\Programs\MiKTeX 2.9\tex/generic/pgf/basiclayer\pgf
corepoints.code.tex"
File: pgfcorepoints.code.tex 2020/01/08 v3.1.5b (3.1.5b)
\pgf@picminx=\dimen173
\pgf@picmaxx=\dimen174
\pgf@picminy=\dimen175
\pgf@picmaxy=\dimen176
\pgf@pathminx=\dimen177
\pgf@pathmaxx=\dimen178
\pgf@pathminy=\dimen179
\pgf@pathmaxy=\dimen180
\pgf@xx=\dimen181
\pgf@xy=\dimen182
\pgf@yx=\dimen183
\pgf@yy=\dimen184
\pgf@zx=\dimen185
\pgf@zy=\dimen186
)
("C:\Users\Wen\AppData\Local\Programs\MiKTeX 2.9\tex/generic/pgf/basiclayer\pgf
corepathconstruct.code.tex"
File: pgfcorepathconstruct.code.tex 2020/01/08 v3.1.5b (3.1.5b)
\pgf@path@lastx=\dimen187
\pgf@path@lasty=\dimen188
)
("C:\Users\Wen\AppData\Local\Programs\MiKTeX 2.9\tex/generic/pgf/basiclayer\pgf
corepathusage.code.tex"
File: pgfcorepathusage.code.tex 2020/01/08 v3.1.5b (3.1.5b)
\pgf@shorten@end@additional=\dimen189
\pgf@shorten@start@additional=\dimen190
)
("C:\Users\Wen\AppData\Local\Programs\MiKTeX 2.9\tex/generic/pgf/basiclayer\pgf
corescopes.code.tex"
File: pgfcorescopes.code.tex 2020/01/08 v3.1.5b (3.1.5b)
\pgfpic=\box56
\pgf@hbox=\box57
\pgf@layerbox@main=\box58
\pgf@picture@serial@count=\count271
)
("C:\Users\Wen\AppData\Local\Programs\MiKTeX 2.9\tex/generic/pgf/basiclayer\pgf
coregraphicstate.code.tex"
File: pgfcoregraphicstate.code.tex 2020/01/08 v3.1.5b (3.1.5b)
\pgflinewidth=\dimen191
)
("C:\Users\Wen\AppData\Local\Programs\MiKTeX 2.9\tex/generic/pgf/basiclayer\pgf
coretransformations.code.tex"
File: pgfcoretransformations.code.tex 2020/01/08 v3.1.5b (3.1.5b)
\pgf@pt@x=\dimen192
\pgf@pt@y=\dimen193
\pgf@pt@temp=\dimen194
)
("C:\Users\Wen\AppData\Local\Programs\MiKTeX 2.9\tex/generic/pgf/basiclayer\pgf
corequick.code.tex"
File: pgfcorequick.code.tex 2020/01/08 v3.1.5b (3.1.5b)
)
("C:\Users\Wen\AppData\Local\Programs\MiKTeX 2.9\tex/generic/pgf/basiclayer\pgf
coreobjects.code.tex"
File: pgfcoreobjects.code.tex 2020/01/08 v3.1.5b (3.1.5b)
)
("C:\Users\Wen\AppData\Local\Programs\MiKTeX 2.9\tex/generic/pgf/basiclayer\pgf
corepathprocessing.code.tex"
File: pgfcorepathprocessing.code.tex 2020/01/08 v3.1.5b (3.1.5b)
)
("C:\Users\Wen\AppData\Local\Programs\MiKTeX 2.9\tex/generic/pgf/basiclayer\pgf
corearrows.code.tex"
File: pgfcorearrows.code.tex 2020/01/08 v3.1.5b (3.1.5b)
\pgfarrowsep=\dimen195
)
("C:\Users\Wen\AppData\Local\Programs\MiKTeX 2.9\tex/generic/pgf/basiclayer\pgf
coreshade.code.tex"
File: pgfcoreshade.code.tex 2020/01/08 v3.1.5b (3.1.5b)
\pgf@max=\dimen196
\pgf@sys@shading@range@num=\count272
\pgf@shadingcount=\count273
)
("C:\Users\Wen\AppData\Local\Programs\MiKTeX 2.9\tex/generic/pgf/basiclayer\pgf
coreimage.code.tex"
File: pgfcoreimage.code.tex 2020/01/08 v3.1.5b (3.1.5b)

("C:\Users\Wen\AppData\Local\Programs\MiKTeX 2.9\tex/generic/pgf/basiclayer\pgf
coreexternal.code.tex"
File: pgfcoreexternal.code.tex 2020/01/08 v3.1.5b (3.1.5b)
\pgfexternal@startupbox=\box59
))
("C:\Users\Wen\AppData\Local\Programs\MiKTeX 2.9\tex/generic/pgf/basiclayer\pgf
corelayers.code.tex"
File: pgfcorelayers.code.tex 2020/01/08 v3.1.5b (3.1.5b)
)
("C:\Users\Wen\AppData\Local\Programs\MiKTeX 2.9\tex/generic/pgf/basiclayer\pgf
coretransparency.code.tex"
File: pgfcoretransparency.code.tex 2020/01/08 v3.1.5b (3.1.5b)
)
("C:\Users\Wen\AppData\Local\Programs\MiKTeX 2.9\tex/generic/pgf/basiclayer\pgf
corepatterns.code.tex"
File: pgfcorepatterns.code.tex 2020/01/08 v3.1.5b (3.1.5b)
)
("C:\Users\Wen\AppData\Local\Programs\MiKTeX 2.9\tex/generic/pgf/basiclayer\pgf
corerdf.code.tex"
File: pgfcorerdf.code.tex 2020/01/08 v3.1.5b (3.1.5b)
)))
("C:\Users\Wen\AppData\Local\Programs\MiKTeX 2.9\tex/latex/pgf/utilities\xxcolo
r.sty"
Package: xxcolor 2003/10/24 ver 0.1
\XC@nummixins=\count274
\XC@countmixins=\count275
)
("C:\Users\Wen\AppData\Local\Programs\MiKTeX 2.9\tex/generic/atbegshi\atbegshi.
sty"
Package: atbegshi 2019/12/05 v1.19 At begin shipout hook (HO)

("C:\Users\Wen\AppData\Local\Programs\MiKTeX 2.9\tex/generic/infwarerr\infwarer
r.sty"
Package: infwarerr 2019/12/03 v1.5 Providing info/warning/error messages (HO)
)
("C:\Users\Wen\AppData\Local\Programs\MiKTeX 2.9\tex/generic/ltxcmds\ltxcmds.st
y"
Package: ltxcmds 2019/12/15 v1.24 LaTeX kernel commands for general use (HO)
))
("C:\Users\Wen\AppData\Local\Programs\MiKTeX 2.9\tex/latex/hyperref\hyperref.st
y"
Package: hyperref 2020-05-15 v7.00e Hypertext links for LaTeX

("C:\Users\Wen\AppData\Local\Programs\MiKTeX 2.9\tex/generic/pdftexcmds\pdftexc
mds.sty"
Package: pdftexcmds 2020-06-27 v0.33 Utility functions of pdfTeX for LuaTeX (HO
)
Package pdftexcmds Info: \pdf@primitive is available.
Package pdftexcmds Info: \pdf@ifprimitive is available.
Package pdftexcmds Info: \pdfdraftmode found.
)
("C:\Users\Wen\AppData\Local\Programs\MiKTeX 2.9\tex/generic/kvsetkeys\kvsetkey
s.sty"
Package: kvsetkeys 2019/12/15 v1.18 Key value parser (HO)
)
("C:\Users\Wen\AppData\Local\Programs\MiKTeX 2.9\tex/generic/kvdefinekeys\kvdef
inekeys.sty"
Package: kvdefinekeys 2019-12-19 v1.6 Define keys (HO)
)
("C:\Users\Wen\AppData\Local\Programs\MiKTeX 2.9\tex/generic/pdfescape\pdfescap
e.sty"
Package: pdfescape 2019/12/09 v1.15 Implements pdfTeX's escape features (HO)
)
("C:\Users\Wen\AppData\Local\Programs\MiKTeX 2.9\tex/latex/hycolor\hycolor.sty"
Package: hycolor 2020-01-27 v1.10 Color options for hyperref/bookmark (HO)
)
("C:\Users\Wen\AppData\Local\Programs\MiKTeX 2.9\tex/latex/letltxmacro\letltxma
cro.sty"
Package: letltxmacro 2019/12/03 v1.6 Let assignment for LaTeX macros (HO)
)
("C:\Users\Wen\AppData\Local\Programs\MiKTeX 2.9\tex/latex/auxhook\auxhook.sty"
Package: auxhook 2019-12-17 v1.6 Hooks for auxiliary files (HO)
)
("C:\Users\Wen\AppData\Local\Programs\MiKTeX 2.9\tex/latex/kvoptions\kvoptions.
sty"
Package: kvoptions 2019/11/29 v3.13 Key value format for package options (HO)
)
\@linkdim=\dimen197
\Hy@linkcounter=\count276
\Hy@pagecounter=\count277

("C:\Users\Wen\AppData\Local\Programs\MiKTeX 2.9\tex/latex/hyperref\pd1enc.def"
File: pd1enc.def 2020-05-15 v7.00e Hyperref: PDFDocEncoding definition (HO)
Now handling font encoding PD1 ...
... no UTF-8 mapping file for font encoding PD1
)
("C:\Users\Wen\AppData\Local\Programs\MiKTeX 2.9\tex/generic/intcalc\intcalc.st
y"
Package: intcalc 2019/12/15 v1.3 Expandable calculations with integers (HO)
)
("C:\Users\Wen\AppData\Local\Programs\MiKTeX 2.9\tex/generic/etexcmds\etexcmds.
sty"
Package: etexcmds 2019/12/15 v1.7 Avoid name clashes with e-TeX commands (HO)
)
\Hy@SavedSpaceFactor=\count278
Package hyperref Info: Option `bookmarks' set `true' on input line 4338.
Package hyperref Info: Option `bookmarksopen' set `true' on input line 4338.
Package hyperref Info: Option `implicit' set `false' on input line 4338.
Package hyperref Info: Hyper figures OFF on input line 4464.
Package hyperref Info: Link nesting OFF on input line 4469.
Package hyperref Info: Hyper index ON on input line 4472.
Package hyperref Info: Plain pages OFF on input line 4479.
Package hyperref Info: Backreferencing OFF on input line 4484.
Package hyperref Info: Implicit mode OFF; no redefinition of LaTeX internals.
Package hyperref Info: Bookmarks ON on input line 4717.
\c@Hy@tempcnt=\count279
 ("C:\Users\Wen\AppData\Local\Programs\MiKTeX 2.9\tex/latex/url\url.sty"
\Urlmuskip=\muskip16
Package: url 2013/09/16  ver 3.4  Verb mode for urls, etc.
)
LaTeX Info: Redefining \url on input line 5076.
\XeTeXLinkMargin=\dimen198

("C:\Users\Wen\AppData\Local\Programs\MiKTeX 2.9\tex/generic/bitset\bitset.sty"
Package: bitset 2019/12/09 v1.3 Handle bit-vector datatype (HO)

("C:\Users\Wen\AppData\Local\Programs\MiKTeX 2.9\tex/generic/bigintcalc\bigintc
alc.sty"
Package: bigintcalc 2019/12/15 v1.5 Expandable calculations on big integers (HO
)
))
\Fld@menulength=\count280
\Field@Width=\dimen199
\Fld@charsize=\dimen256
Package hyperref Info: Hyper figures OFF on input line 6347.
Package hyperref Info: Link nesting OFF on input line 6352.
Package hyperref Info: Hyper index ON on input line 6355.
Package hyperref Info: backreferencing OFF on input line 6362.
Package hyperref Info: Link coloring OFF on input line 6367.
Package hyperref Info: Link coloring with OCG OFF on input line 6372.
Package hyperref Info: PDF/A mode OFF on input line 6377.
LaTeX Info: Redefining \ref on input line 6417.
LaTeX Info: Redefining \pageref on input line 6421.
\Hy@abspage=\count281


Package hyperref Message: Stopped early.

)
Package hyperref Info: Driver (autodetected): hpdftex.

("C:\Users\Wen\AppData\Local\Programs\MiKTeX 2.9\tex/latex/hyperref\hpdftex.def
"
File: hpdftex.def 2020-05-15 v7.00e Hyperref driver for pdfTeX

("C:\Users\Wen\AppData\Local\Programs\MiKTeX 2.9\tex/latex/atveryend\atveryend.
sty"
Package: atveryend 2019-12-11 v1.11 Hooks at the very end of document (HO)
)
\Fld@listcount=\count282
\c@bookmark@seq@number=\count283

("C:\Users\Wen\AppData\Local\Programs\MiKTeX 2.9\tex/latex/rerunfilecheck\rerun
filecheck.sty"
Package: rerunfilecheck 2019/12/05 v1.9 Rerun checks for auxiliary files (HO)

("C:\Users\Wen\AppData\Local\Programs\MiKTeX 2.9\tex/generic/uniquecounter\uniq
uecounter.sty"
Package: uniquecounter 2019/12/15 v1.4 Provide unlimited unique counter (HO)
)
Package uniquecounter Info: New unique counter `rerunfilecheck' on input line 2
86.
))
("C:\Users\Wen\AppData\Local\Programs\MiKTeX 2.9\tex/latex/beamer\beamerbasereq
uires.sty"
("C:\Users\Wen\AppData\Local\Programs\MiKTeX 2.9\tex/latex/beamer\beamerbasecom
patibility.sty")
("C:\Users\Wen\AppData\Local\Programs\MiKTeX 2.9\tex/latex/beamer\beamerbasefon
t.sty"
("C:\Users\Wen\AppData\Local\Programs\MiKTeX 2.9\tex/latex/amsfonts\amssymb.sty
"
Package: amssymb 2013/01/14 v3.01 AMS font symbols

("C:\Users\Wen\AppData\Local\Programs\MiKTeX 2.9\tex/latex/amsfonts\amsfonts.st
y"
Package: amsfonts 2013/01/14 v3.01 Basic AMSFonts support
\@emptytoks=\toks27
\symAMSa=\mathgroup4
\symAMSb=\mathgroup5
LaTeX Font Info:    Redeclaring math symbol \hbar on input line 98.
LaTeX Font Info:    Overwriting math alphabet `\mathfrak' in version `bold'
(Font)                  U/euf/m/n --> U/euf/b/n on input line 106.
))
("C:\Users\Wen\AppData\Local\Programs\MiKTeX 2.9\tex/latex/sansmathaccent\sansm
athaccent.sty"
Package: sansmathaccent 2020/01/31

("C:\Users\Wen\AppData\Local\Programs\MiKTeX 2.9\tex/latex/koma-script\scrlfile
.sty"
Package: scrlfile 2020/04/19 v3.30 KOMA-Script package (loading files)
)))
("C:\Users\Wen\AppData\Local\Programs\MiKTeX 2.9\tex/latex/beamer\beamerbasetra
nslator.sty"
("C:\Users\Wen\AppData\Local\Programs\MiKTeX 2.9\tex/latex/translator\translato
r.sty"
Package: translator 2019-05-31 v1.12a Easy translation of strings in LaTeX
))
("C:\Users\Wen\AppData\Local\Programs\MiKTeX 2.9\tex/latex/beamer\beamerbasemis
c.sty")
("C:\Users\Wen\AppData\Local\Programs\MiKTeX 2.9\tex/latex/beamer\beamerbasetwo
screens.sty")
("C:\Users\Wen\AppData\Local\Programs\MiKTeX 2.9\tex/latex/beamer\beamerbaseove
rlay.sty"
\beamer@argscount=\count284
\beamer@lastskipcover=\skip50
\beamer@trivlistdepth=\count285
)
("C:\Users\Wen\AppData\Local\Programs\MiKTeX 2.9\tex/latex/beamer\beamerbasetit
le.sty")
("C:\Users\Wen\AppData\Local\Programs\MiKTeX 2.9\tex/latex/beamer\beamerbasesec
tion.sty"
\c@lecture=\count286
\c@part=\count287
\c@section=\count288
\c@subsection=\count289
\c@subsubsection=\count290
)
("C:\Users\Wen\AppData\Local\Programs\MiKTeX 2.9\tex/latex/beamer\beamerbasefra
me.sty"
\beamer@framebox=\box60
\beamer@frametitlebox=\box61
\beamer@zoombox=\box62
\beamer@zoomcount=\count291
\beamer@zoomframecount=\count292
\beamer@frametextheight=\dimen257
\c@subsectionslide=\count293
\beamer@frametopskip=\skip51
\beamer@framebottomskip=\skip52
\beamer@frametopskipautobreak=\skip53
\beamer@framebottomskipautobreak=\skip54
\beamer@envbody=\toks28
\framewidth=\dimen258
\c@framenumber=\count294
)
("C:\Users\Wen\AppData\Local\Programs\MiKTeX 2.9\tex/latex/beamer\beamerbasever
batim.sty"
\beamer@verbatimfileout=\write4
)
("C:\Users\Wen\AppData\Local\Programs\MiKTeX 2.9\tex/latex/beamer\beamerbasefra
mesize.sty"
\beamer@splitbox=\box63
\beamer@autobreakcount=\count295
\beamer@autobreaklastheight=\dimen259
\beamer@frametitletoks=\toks29
\beamer@framesubtitletoks=\toks30
)
("C:\Users\Wen\AppData\Local\Programs\MiKTeX 2.9\tex/latex/beamer\beamerbasefra
mecomponents.sty"
\beamer@footins=\box64
)
("C:\Users\Wen\AppData\Local\Programs\MiKTeX 2.9\tex/latex/beamer\beamerbasecol
or.sty")
("C:\Users\Wen\AppData\Local\Programs\MiKTeX 2.9\tex/latex/beamer\beamerbasenot
es.sty"
\beamer@frameboxcopy=\box65
)
("C:\Users\Wen\AppData\Local\Programs\MiKTeX 2.9\tex/latex/beamer\beamerbasetoc
.sty")
("C:\Users\Wen\AppData\Local\Programs\MiKTeX 2.9\tex/latex/beamer\beamerbasetem
plates.sty"
\beamer@sbttoks=\toks31

("C:\Users\Wen\AppData\Local\Programs\MiKTeX 2.9\tex/latex/beamer\beamerbaseaux
templates.sty"
("C:\Users\Wen\AppData\Local\Programs\MiKTeX 2.9\tex/latex/beamer\beamerbasebox
es.sty"
\bmb@box=\box66
\bmb@colorbox=\box67
\bmb@boxshadow=\box68
\bmb@boxshadowball=\box69
\bmb@boxshadowballlarge=\box70
\bmb@temp=\dimen260
\bmb@dima=\dimen261
\bmb@dimb=\dimen262
\bmb@prevheight=\dimen263
)
\beamer@blockheadheight=\dimen264
))
("C:\Users\Wen\AppData\Local\Programs\MiKTeX 2.9\tex/latex/beamer\beamerbaseloc
alstructure.sty"
("C:\Users\Wen\AppData\Local\Programs\MiKTeX 2.9\tex/latex/tools\enumerate.sty"
Package: enumerate 2015/07/23 v3.00 enumerate extensions (DPC)
\@enLab=\toks32
)
\c@figure=\count296
\c@table=\count297
\abovecaptionskip=\skip55
\belowcaptionskip=\skip56
)
("C:\Users\Wen\AppData\Local\Programs\MiKTeX 2.9\tex/latex/beamer\beamerbasenav
igation.sty"
\beamer@section@min@dim=\dimen265
)
("C:\Users\Wen\AppData\Local\Programs\MiKTeX 2.9\tex/latex/beamer\beamerbasethe
orems.sty"
("C:\Users\Wen\AppData\Local\Programs\MiKTeX 2.9\tex/latex/amsmath\amsmath.sty"
Package: amsmath 2020/01/20 v2.17e AMS math features
\@mathmargin=\skip57
For additional information on amsmath, use the `?' option.
("C:\Users\Wen\AppData\Local\Programs\MiKTeX 2.9\tex/latex/amsmath\amstext.sty"
Package: amstext 2000/06/29 v2.01 AMS text
("C:\Users\Wen\AppData\Local\Programs\MiKTeX 2.9\tex/latex/amsmath\amsgen.sty"
File: amsgen.sty 1999/11/30 v2.0 generic functions
\@emptytoks=\toks33
\ex@=\dimen266
)) ("C:\Users\Wen\AppData\Local\Programs\MiKTeX 2.9\tex/latex/amsmath\amsbsy.st
y"
Package: amsbsy 1999/11/29 v1.2d Bold Symbols
\pmbraise@=\dimen267
) ("C:\Users\Wen\AppData\Local\Programs\MiKTeX 2.9\tex/latex/amsmath\amsopn.sty
"
Package: amsopn 2016/03/08 v2.02 operator names
)
\inf@bad=\count298
LaTeX Info: Redefining \frac on input line 227.
\uproot@=\count299
\leftroot@=\count300
LaTeX Info: Redefining \overline on input line 389.
\classnum@=\count301
\DOTSCASE@=\count302
LaTeX Info: Redefining \ldots on input line 486.
LaTeX Info: Redefining \dots on input line 489.
LaTeX Info: Redefining \cdots on input line 610.
\Mathstrutbox@=\box71
\strutbox@=\box72
\big@size=\dimen268
LaTeX Font Info:    Redeclaring font encoding OML on input line 733.
LaTeX Font Info:    Redeclaring font encoding OMS on input line 734.
\macc@depth=\count303
\c@MaxMatrixCols=\count304
\dotsspace@=\muskip17
\c@parentequation=\count305
\dspbrk@lvl=\count306
\tag@help=\toks34
\row@=\count307
\column@=\count308
\maxfields@=\count309
\andhelp@=\toks35
\eqnshift@=\dimen269
\alignsep@=\dimen270
\tagshift@=\dimen271
\tagwidth@=\dimen272
\totwidth@=\dimen273
\lineht@=\dimen274
\@envbody=\toks36
\multlinegap=\skip58
\multlinetaggap=\skip59
\mathdisplay@stack=\toks37
LaTeX Info: Redefining \[ on input line 2859.
LaTeX Info: Redefining \] on input line 2860.
)
("C:\Users\Wen\AppData\Local\Programs\MiKTeX 2.9\tex/latex/amscls\amsthm.sty"
Package: amsthm 2020/05/29 v2.20.6
\thm@style=\toks38
\thm@bodyfont=\toks39
\thm@headfont=\toks40
\thm@notefont=\toks41
\thm@headpunct=\toks42
\thm@preskip=\skip60
\thm@postskip=\skip61
\thm@headsep=\skip62
\dth@everypar=\toks43
)
\c@theorem=\count310
)
("C:\Users\Wen\AppData\Local\Programs\MiKTeX 2.9\tex/latex/beamer\beamerbasethe
mes.sty"))
("C:\Users\Wen\AppData\Local\Programs\MiKTeX 2.9\tex/latex/beamer\beamerthemede
fault.sty"
("C:\Users\Wen\AppData\Local\Programs\MiKTeX 2.9\tex/latex/beamer\beamerfontthe
medefault.sty")
("C:\Users\Wen\AppData\Local\Programs\MiKTeX 2.9\tex/latex/beamer\beamercolorth
emedefault.sty")
("C:\Users\Wen\AppData\Local\Programs\MiKTeX 2.9\tex/latex/beamer\beamerinnerth
emedefault.sty"
\beamer@dima=\dimen275
\beamer@dimb=\dimen276
)
("C:\Users\Wen\AppData\Local\Programs\MiKTeX 2.9\tex/latex/beamer\beamerouterth
emedefault.sty")))
("C:\Users\Wen\AppData\Local\Programs\MiKTeX 2.9\tex/latex/beamer\beamercolorth
emewhale.sty")
("C:\Users\Wen\AppData\Local\Programs\MiKTeX 2.9\tex/latex/beamer\beamerfontthe
meserif.sty")
("C:\Users\Wen\AppData\Local\Programs\MiKTeX 2.9\tex/generic/babel\babel.sty"
Package: babel 2020/07/13 3.47 The Babel package

("C:\Users\Wen\AppData\Local\Programs\MiKTeX 2.9\tex/generic/babel\babel.def"
File: babel.def 2020/07/13 3.47 Babel common definitions
\babel@savecnt=\count311
\U@D=\dimen277
\l@babelnohyphens=\language79

("C:\Users\Wen\AppData\Local\Programs\MiKTeX 2.9\tex/generic/babel\txtbabel.def
")
\bbl@readstream=\read3
)
LaTeX Info: Redefining \textlatin on input line 682.
\bbl@dirlevel=\count312

*************************************
* Local config file bblopts.cfg used
*
("C:\Users\Wen\AppData\Local\Programs\MiKTeX 2.9\tex/latex/arabi\bblopts.cfg"
File: bblopts.cfg 2005/09/08 v0.1 add Arabic and Farsi to "declared" options of
 babel
)
("C:\Users\Wen\AppData\Local\Programs\MiKTeX 2.9\tex/latex/babel-english\englis
h.ldf"
Language: english 2017/06/06 v3.3r English support from the babel system
Package babel Info: \l@canadian = using hyphenrules for english
(babel)             (\language0) on input line 102.
Package babel Info: \l@australian = using hyphenrules for ukenglish
(babel)             (\language73) on input line 105.
Package babel Info: \l@newzealand = using hyphenrules for ukenglish
(babel)             (\language73) on input line 108.
))
("C:\Users\Wen\AppData\Local\Programs\MiKTeX 2.9\tex/latex/base\inputenc.sty"
Package: inputenc 2018/08/11 v1.3c Input encoding file
\inpenc@prehook=\toks44
\inpenc@posthook=\toks45

("C:\Users\Wen\AppData\Local\Programs\MiKTeX 2.9\tex/latex/ucs\utf8x.def"
File: utf8x.def 2004/10/17 UCS: Input encoding UTF-8
))
("C:\Users\Wen\AppData\Local\Programs\MiKTeX 2.9\tex/latex/ucs\ucs.sty"
Package: ucs 2013/05/11 v2.2 UCS: Unicode input support

("C:\Users\Wen\AppData\Local\Programs\MiKTeX 2.9\tex/latex/ucs\uni-global.def"
File: uni-global.def 2013/05/13 UCS: Unicode global data
)
\uc@secondtry=\count313
\uc@combtoks=\toks46
\uc@combtoksb=\toks47
\uc@temptokena=\toks48
) ("C:\Users\Wen\AppData\Local\Programs\MiKTeX 2.9\tex/latex/tools\multicol.sty
"
Package: multicol 2019/12/09 v1.8y multicolumn formatting (FMi)
\c@tracingmulticols=\count314
\mult@box=\box73
\multicol@leftmargin=\dimen278
\c@unbalance=\count315
\c@collectmore=\count316
\doublecol@number=\count317
\multicoltolerance=\count318
\multicolpretolerance=\count319
\full@width=\dimen279
\page@free=\dimen280
\premulticols=\dimen281
\postmulticols=\dimen282
\multicolsep=\skip63
\multicolbaselineskip=\skip64
\partial@page=\box74
\last@line=\box75
\maxbalancingoverflow=\dimen283
\mult@rightbox=\box76
\mult@grightbox=\box77
\mult@gfirstbox=\box78
\mult@firstbox=\box79
\@tempa=\box80
\@tempa=\box81
\@tempa=\box82
\@tempa=\box83
\@tempa=\box84
\@tempa=\box85
\@tempa=\box86
\@tempa=\box87
\@tempa=\box88
\@tempa=\box89
\@tempa=\box90
\@tempa=\box91
\@tempa=\box92
\@tempa=\box93
\@tempa=\box94
\@tempa=\box95
\@tempa=\box96
\@tempa=\box97
\@tempa=\box98
\@tempa=\box99
\@tempa=\box100
\@tempa=\box101
\@tempa=\box102
\@tempa=\box103
\@tempa=\box104
\@tempa=\box105
\@tempa=\box106
\@tempa=\box107
\@tempa=\box108
\@tempa=\box109
\@tempa=\box110
\@tempa=\box111
\@tempa=\box112
\@tempa=\box113
\@tempa=\box114
\@tempa=\box115
\@tempa=\box116
\c@minrows=\count320
\c@columnbadness=\count321
\c@finalcolumnbadness=\count322
\last@try=\dimen284
\multicolovershoot=\dimen285
\multicolundershoot=\dimen286
\mult@nat@firstbox=\box117
\colbreak@box=\box118
\mc@col@check@num=\count323
)
("C:\Users\Wen\AppData\Local\Programs\MiKTeX 2.9\tex/latex/multirow\multirow.st
y"
Package: multirow 2019/05/31 v2.5 Span multiple rows of a table
\multirow@colwidth=\skip65
\multirow@cntb=\count324
\multirow@dima=\skip66
\bigstrutjot=\dimen287
)
("C:\Users\Wen\AppData\Local\Programs\MiKTeX 2.9\tex/latex/graphics\rotating.st
y"
Package: rotating 2016/08/11 v2.16d rotated objects in LaTeX
 ("C:\Users\Wen\AppData\Local\Programs\MiKTeX 2.9\tex/latex/base\ifthen.sty"
Package: ifthen 2014/09/29 v1.1c Standard LaTeX ifthen package (DPC)
)
\c@r@tfl@t=\count325
\rotFPtop=\skip67
\rotFPbot=\skip68
\rot@float@box=\box119
\rot@mess@toks=\toks49
) ("C:\Users\Wen\AppData\Local\Programs\MiKTeX 2.9\tex/latex/movie15\movie15.st
y"
Package: movie15 2012/05/16

("C:\Users\Wen\AppData\Local\Programs\MiKTeX 2.9\tex/latex/oberdiek\ifdraft.sty
"
Package: ifdraft 2016/05/16 v1.4 Detect class options draft and final (HO)
)
\@MXV@page=\count326
\@MXV@adict=\count327
\@MXV@aadict=\count328
\@MXV@includes=\count329
\@MXV@players=\count330
\@MXV@links=\count331
\@MXV@width=\dimen288
\@MXV@height=\dimen289
\@MXV@depth=\dimen290
\@MXV@totalheight=\dimen291
\@MXV@@boxdepth=\dimen292
\@MXV@traiselen=\dimen293
\@MXV@braiselen=\dimen294
\@MXV@start=\dimen295
\@MXV@end=\dimen296
\@MXV@textbox=\box120
)
("C:\Users\Wen\AppData\Local\Programs\MiKTeX 2.9\tex/latex/colortbl\colortbl.st
y"
Package: colortbl 2020/01/04 v1.0e Color table columns (DPC)
 ("C:\Users\Wen\AppData\Local\Programs\MiKTeX 2.9\tex/latex/tools\array.sty"
Package: array 2019/08/31 v2.4l Tabular extension package (FMi)
\col@sep=\dimen297
\ar@mcellbox=\box121
\extrarowheight=\dimen298
\NC@list=\toks50
\extratabsurround=\skip69
\backup@length=\skip70
\ar@cellbox=\box122
)
\everycr=\toks51
\minrowclearance=\skip71
) ("C:\Users\Wen\AppData\Local\Programs\MiKTeX 2.9\tex/latex/tools\hhline.sty"
Package: hhline 2020/01/04 v2.04 Table rule package (DPC)
) ("C:\Users\Wen\AppData\Local\Programs\MiKTeX 2.9\tex/latex/tools\verbatim.sty
"
Package: verbatim 2019/11/10 v1.5r LaTeX2e package for verbatim enhancements
\every@verbatim=\toks52
\verbatim@line=\toks53
\verbatim@in@stream=\read4
)

Package hyperref Warning: Token not allowed in a PDF string (PDFDocEncoding):
(hyperref)                removing `\kernel@ifnextchar' on input line 48.

("C:\Users\Wen\AppData\Local\Programs\MiKTeX 2.9\tex/generic/iftex\ifxetex.sty"
Package: ifxetex 2019/10/25 v0.7 ifxetex legacy package. Use iftex instead.
)
("C:\Users\Wen\AppData\Local\Programs\MiKTeX 2.9\tex/generic/iftex\ifluatex.sty
"
Package: ifluatex 2019/10/25 v1.5 ifluatex legacy package. Use iftex instead.
)
("C:\Users\Wen\AppData\Local\Programs\MiKTeX 2.9\tex/latex/pgf/frontendlayer\ti
kz.sty"
("C:\Users\Wen\AppData\Local\Programs\MiKTeX 2.9\tex/latex/pgf/basiclayer\pgf.s
ty"
Package: pgf 2020/01/08 v3.1.5b (3.1.5b)

("C:\Users\Wen\AppData\Local\Programs\MiKTeX 2.9\tex/generic/pgf/modules\pgfmod
uleshapes.code.tex"
File: pgfmoduleshapes.code.tex 2020/01/08 v3.1.5b (3.1.5b)
\pgfnodeparttextbox=\box123
)
("C:\Users\Wen\AppData\Local\Programs\MiKTeX 2.9\tex/generic/pgf/modules\pgfmod
uleplot.code.tex"
File: pgfmoduleplot.code.tex 2020/01/08 v3.1.5b (3.1.5b)
)
("C:\Users\Wen\AppData\Local\Programs\MiKTeX 2.9\tex/latex/pgf/compatibility\pg
fcomp-version-0-65.sty"
Package: pgfcomp-version-0-65 2020/01/08 v3.1.5b (3.1.5b)
\pgf@nodesepstart=\dimen299
\pgf@nodesepend=\dimen300
)
("C:\Users\Wen\AppData\Local\Programs\MiKTeX 2.9\tex/latex/pgf/compatibility\pg
fcomp-version-1-18.sty"
Package: pgfcomp-version-1-18 2020/01/08 v3.1.5b (3.1.5b)
))
("C:\Users\Wen\AppData\Local\Programs\MiKTeX 2.9\tex/latex/pgf/utilities\pgffor
.sty"
("C:\Users\Wen\AppData\Local\Programs\MiKTeX 2.9\tex/latex/pgf/utilities\pgfkey
s.sty"
("C:\Users\Wen\AppData\Local\Programs\MiKTeX 2.9\tex/generic/pgf/utilities\pgfk
eys.code.tex"))
("C:\Users\Wen\AppData\Local\Programs\MiKTeX 2.9\tex/latex/pgf/math\pgfmath.sty
"
("C:\Users\Wen\AppData\Local\Programs\MiKTeX 2.9\tex/generic/pgf/math\pgfmath.c
ode.tex"))
("C:\Users\Wen\AppData\Local\Programs\MiKTeX 2.9\tex/generic/pgf/utilities\pgff
or.code.tex"
Package: pgffor 2020/01/08 v3.1.5b (3.1.5b)

("C:\Users\Wen\AppData\Local\Programs\MiKTeX 2.9\tex/generic/pgf/math\pgfmath.c
ode.tex")
\pgffor@iter=\dimen301
\pgffor@skip=\dimen302
\pgffor@stack=\toks54
\pgffor@toks=\toks55
))
("C:\Users\Wen\AppData\Local\Programs\MiKTeX 2.9\tex/generic/pgf/frontendlayer/
tikz\tikz.code.tex"
Package: tikz 2020/01/08 v3.1.5b (3.1.5b)

("C:\Users\Wen\AppData\Local\Programs\MiKTeX 2.9\tex/generic/pgf/libraries\pgfl
ibraryplothandlers.code.tex"
File: pgflibraryplothandlers.code.tex 2020/01/08 v3.1.5b (3.1.5b)
\pgf@plot@mark@count=\count332
\pgfplotmarksize=\dimen303
)
\tikz@lastx=\dimen304
\tikz@lasty=\dimen305
\tikz@lastxsaved=\dimen306
\tikz@lastysaved=\dimen307
\tikz@lastmovetox=\dimen308
\tikz@lastmovetoy=\dimen309
\tikzleveldistance=\dimen310
\tikzsiblingdistance=\dimen311
\tikz@figbox=\box124
\tikz@figbox@bg=\box125
\tikz@tempbox=\box126
\tikz@tempbox@bg=\box127
\tikztreelevel=\count333
\tikznumberofchildren=\count334
\tikznumberofcurrentchild=\count335
\tikz@fig@count=\count336

("C:\Users\Wen\AppData\Local\Programs\MiKTeX 2.9\tex/generic/pgf/modules\pgfmod
ulematrix.code.tex"
File: pgfmodulematrix.code.tex 2020/01/08 v3.1.5b (3.1.5b)
\pgfmatrixcurrentrow=\count337
\pgfmatrixcurrentcolumn=\count338
\pgf@matrix@numberofcolumns=\count339
)
\tikz@expandcount=\count340

("C:\Users\Wen\AppData\Local\Programs\MiKTeX 2.9\tex/generic/pgf/frontendlayer/
tikz/libraries\tikzlibrarytopaths.code.tex"
File: tikzlibrarytopaths.code.tex 2020/01/08 v3.1.5b (3.1.5b)
)))
("C:\Users\Wen\AppData\Local\Programs\MiKTeX 2.9\tex/latex/framed\framed.sty"
Package: framed 2011/10/22 v 0.96: framed or shaded text with page breaks
\OuterFrameSep=\skip72
\fb@frw=\dimen312
\fb@frh=\dimen313
\FrameRule=\dimen314
\FrameSep=\dimen315
)
("C:\Users\Wen\AppData\Local\Programs\MiKTeX 2.9\tex/latex/base\fontenc.sty"
Package: fontenc 2020/02/11 v2.0o Standard LaTeX package
)
("C:\Users\Wen\AppData\Local\Programs\MiKTeX 2.9\tex/latex/libertine\libertine.
sty"
Package: libertine 2020/03/26 (Bob Tennent) Supports Libertine and Biolinum fon
ts for all LaTeX engines.

("C:\Users\Wen\AppData\Local\Programs\MiKTeX 2.9\tex/latex/xkeyval\xkeyval.sty"
Package: xkeyval 2014/12/03 v2.7a package option processing (HA)

("C:\Users\Wen\AppData\Local\Programs\MiKTeX 2.9\tex/generic/xkeyval\xkeyval.te
x"
("C:\Users\Wen\AppData\Local\Programs\MiKTeX 2.9\tex/generic/xkeyval\xkvutils.t
ex"
\XKV@toks=\toks56
\XKV@tempa@toks=\toks57
)
\XKV@depth=\count341
File: xkeyval.tex 2014/12/03 v2.7a key=value parser (HA)
))
("C:\Users\Wen\AppData\Local\Programs\MiKTeX 2.9\tex/latex/base\textcomp.sty"
Package: textcomp 2020/02/02 v2.0n Standard LaTeX package
)
("C:\Users\Wen\AppData\Local\Programs\MiKTeX 2.9\tex/latex/base\fontenc.sty"
Package: fontenc 2020/02/11 v2.0o Standard LaTeX package
)
("C:\Users\Wen\AppData\Local\Programs\MiKTeX 2.9\tex/latex/fontaxes\fontaxes.st
y"
Package: fontaxes 2014/03/23 v1.0d Font selection axes
LaTeX Info: Redefining \upshape on input line 29.
LaTeX Info: Redefining \itshape on input line 31.
LaTeX Info: Redefining \slshape on input line 33.
LaTeX Info: Redefining \swshape on input line 35.
LaTeX Info: Redefining \scshape on input line 37.
LaTeX Info: Redefining \sscshape on input line 39.
LaTeX Info: Redefining \ulcshape on input line 41.
LaTeX Info: Redefining \textsw on input line 47.
LaTeX Info: Redefining \textssc on input line 48.
LaTeX Info: Redefining \textulc on input line 49.
)
LaTeX Info: Redefining \oldstylenums on input line 484.

("C:\Users\Wen\AppData\Local\Programs\MiKTeX 2.9\tex/latex/libertine\LinLiberti
ne_I.tex"))
("C:\Users\Wen\AppData\Local\Programs\MiKTeX 2.9\tex/latex/l3backend\l3backend-
pdfmode.def"
File: l3backend-pdfmode.def 2020-06-29 L3 backend support: PDF mode
\l__kernel_color_stack_int=\count342
\l__pdf_internal_box=\box128
) (BUAD2060_BusinessStatistics_Fall2020.aux)
\openout1 = `BUAD2060_BusinessStatistics_Fall2020.aux'.

LaTeX Font Info:    Checking defaults for OML/cmm/m/it on input line 129.
LaTeX Font Info:    ... okay on input line 129.
LaTeX Font Info:    Checking defaults for OMS/cmsy/m/n on input line 129.
LaTeX Font Info:    ... okay on input line 129.
LaTeX Font Info:    Checking defaults for OT1/cmr/m/n on input line 129.
LaTeX Font Info:    ... okay on input line 129.
LaTeX Font Info:    Checking defaults for T1/cmr/m/n on input line 129.
LaTeX Font Info:    ... okay on input line 129.
LaTeX Font Info:    Checking defaults for TS1/cmr/m/n on input line 129.
LaTeX Font Info:    ... okay on input line 129.
LaTeX Font Info:    Checking defaults for OMX/cmex/m/n on input line 129.
LaTeX Font Info:    ... okay on input line 129.
LaTeX Font Info:    Checking defaults for U/cmr/m/n on input line 129.
LaTeX Font Info:    ... okay on input line 129.
LaTeX Font Info:    Checking defaults for PD1/pdf/m/n on input line 129.
LaTeX Font Info:    ... okay on input line 129.
LaTeX Font Info:    Trying to load font information for T1+LinuxLibertineT-TLF 
on input line 129.

("C:\Users\Wen\AppData\Local\Programs\MiKTeX 2.9\tex/latex/libertine\t1linuxlib
ertinet-tlf.fd"
File: T1LinuxLibertineT-TLF.fd 2017/03/20 (autoinst) Font definitions for T1/Li
nuxLibertineT-TLF.
)
LaTeX Font Info:    Font shape `T1/LinuxLibertineT-TLF/m/n' will be
(Font)              scaled to size 10.95pt on input line 129.

*geometry* driver: auto-detecting
*geometry* detected driver: pdftex
*geometry* verbose mode - [ preamble ] result:
* driver: pdftex
* paper: custom
* layout: <same size as paper>
* layoutoffset:(h,v)=(0.0pt,0.0pt)
* modes: includehead includefoot 
* h-part:(L,W,R)=(28.45274pt, 307.28987pt, 28.45274pt)
* v-part:(T,H,B)=(0.0pt, 273.14662pt, 0.0pt)
* \paperwidth=364.19536pt
* \paperheight=273.14662pt
* \textwidth=307.28987pt
* \textheight=244.6939pt
* \oddsidemargin=-43.81725pt
* \evensidemargin=-43.81725pt
* \topmargin=-72.26999pt
* \headheight=14.22636pt
* \headsep=0.0pt
* \topskip=11.0pt
* \footskip=14.22636pt
* \marginparwidth=4.0pt
* \marginparsep=10.0pt
* \columnsep=10.0pt
* \skip\footins=10.0pt plus 4.0pt minus 2.0pt
* \hoffset=0.0pt
* \voffset=0.0pt
* \mag=1000
* \@twocolumnfalse
* \@twosidefalse
* \@mparswitchfalse
* \@reversemarginfalse
* (1in=72.27pt=25.4mm, 1cm=28.453pt)


("C:\Users\Wen\AppData\Local\Programs\MiKTeX 2.9\tex/context/base/mkii\supp-pdf
.mkii"
[Loading MPS to PDF converter (version 2006.09.02).]
\scratchcounter=\count343
\scratchdimen=\dimen316
\scratchbox=\box129
\nofMPsegments=\count344
\nofMParguments=\count345
\everyMPshowfont=\toks58
\MPscratchCnt=\count346
\MPscratchDim=\dimen317
\MPnumerator=\count347
\makeMPintoPDFobject=\count348
\everyMPtoPDFconversion=\toks59
)
("C:\Users\Wen\AppData\Local\Programs\MiKTeX 2.9\tex/latex/epstopdf-pkg\epstopd
f-base.sty"
Package: epstopdf-base 2020-01-24 v2.11 Base part for package epstopdf
Package epstopdf-base Info: Redefining graphics rule for `.eps' on input line 4
85.
) ABD: EveryShipout initializing macros
\AtBeginShipoutBox=\box130
Package hyperref Info: Link coloring OFF on input line 129.

("C:\Users\Wen\AppData\Local\Programs\MiKTeX 2.9\tex/latex/hyperref\nameref.sty
"
Package: nameref 2019/09/16 v2.46 Cross-referencing by name of section

("C:\Users\Wen\AppData\Local\Programs\MiKTeX 2.9\tex/latex/refcount\refcount.st
y"
Package: refcount 2019/12/15 v3.6 Data extraction from label references (HO)
)
("C:\Users\Wen\AppData\Local\Programs\MiKTeX 2.9\tex/generic/gettitlestring\get
titlestring.sty"
Package: gettitlestring 2019/12/15 v1.6 Cleanup title references (HO)
)
\c@section@level=\count349
)
LaTeX Info: Redefining \ref on input line 129.
LaTeX Info: Redefining \pageref on input line 129.
LaTeX Info: Redefining \nameref on input line 129.
 (BUAD2060_BusinessStatistics_Fall2020.out)
(BUAD2060_BusinessStatistics_Fall2020.out)
\@outlinefile=\write5
\openout5 = `BUAD2060_BusinessStatistics_Fall2020.out'.

\symnumbers=\mathgroup6
\sympureletters=\mathgroup7
LaTeX Font Info:    Overwriting math alphabet `\mathrm' in version `normal'
(Font)                  OT1/cmr/m/n --> T1/LinuxLibertineT-TLF/m/n on input lin
e 129.
LaTeX Font Info:    Redeclaring math alphabet \mathbf on input line 129.
LaTeX Font Info:    Overwriting math alphabet `\mathbf' in version `normal'
(Font)                  OT1/cmr/bx/n --> T1/LinuxLibertineT-TLF/b/n on input li
ne 129.
LaTeX Font Info:    Overwriting math alphabet `\mathbf' in version `bold'
(Font)                  OT1/cmr/bx/n --> T1/LinuxLibertineT-TLF/b/n on input li
ne 129.
LaTeX Font Info:    Redeclaring math alphabet \mathsf on input line 129.
LaTeX Font Info:    Overwriting math alphabet `\mathsf' in version `normal'
(Font)                  OT1/cmss/m/n --> T1/LinuxBiolinumT-TLF/m/n on input lin
e 129.
LaTeX Font Info:    Overwriting math alphabet `\mathsf' in version `bold'
(Font)                  OT1/cmss/bx/n --> T1/LinuxBiolinumT-TLF/m/n on input li
ne 129.
LaTeX Font Info:    Redeclaring math alphabet \mathit on input line 129.
LaTeX Font Info:    Overwriting math alphabet `\mathit' in version `normal'
(Font)                  OT1/cmr/m/it --> T1/LinuxLibertineT-TLF/m/it on input l
ine 129.
LaTeX Font Info:    Overwriting math alphabet `\mathit' in version `bold'
(Font)                  OT1/cmr/bx/it --> T1/LinuxLibertineT-TLF/m/it on input 
line 129.
LaTeX Font Info:    Redeclaring math alphabet \mathtt on input line 129.
LaTeX Font Info:    Overwriting math alphabet `\mathtt' in version `normal'
(Font)                  OT1/cmtt/m/n --> T1/LinuxLibertineMonoT-TLF/m/n on inpu
t line 129.
LaTeX Font Info:    Overwriting math alphabet `\mathtt' in version `bold'
(Font)                  OT1/cmtt/m/n --> T1/LinuxLibertineMonoT-TLF/m/n on inpu
t line 129.
LaTeX Font Info:    Overwriting symbol font `numbers' in version `bold'
(Font)                  T1/LinuxLibertineT-TLF/m/n --> T1/LinuxLibertineT-TLF/b
/n on input line 129.
LaTeX Font Info:    Overwriting symbol font `pureletters' in version `bold'
(Font)                  T1/LinuxLibertineT-TLF/m/it --> T1/LinuxLibertineT-TLF/
b/it on input line 129.
LaTeX Font Info:    Overwriting math alphabet `\mathrm' in version `bold'
(Font)                  OT1/cmr/bx/n --> T1/LinuxLibertineT-TLF/b/n on input li
ne 129.
LaTeX Font Info:    Overwriting math alphabet `\mathbf' in version `bold'
(Font)                  T1/LinuxLibertineT-TLF/b/n --> T1/LinuxLibertineT-TLF/b
/n on input line 129.
LaTeX Font Info:    Overwriting math alphabet `\mathsf' in version `bold'
(Font)                  T1/LinuxBiolinumT-TLF/m/n --> T1/LinuxBiolinumT-TLF/b/n
 on input line 129.
LaTeX Font Info:    Overwriting math alphabet `\mathit' in version `bold'
(Font)                  T1/LinuxLibertineT-TLF/m/it --> T1/LinuxLibertineT-TLF/
b/it on input line 129.
LaTeX Font Info:    Overwriting math alphabet `\mathtt' in version `bold'
(Font)                  T1/LinuxLibertineMonoT-TLF/m/n --> T1/LinuxLibertineMon
oT-TLF/b/n on input line 129.

("C:\Users\Wen\AppData\Local\Programs\MiKTeX 2.9\tex/latex/translator\translato
r-basic-dictionary-English.dict"
Dictionary: translator-basic-dictionary, Language: English 
)
("C:\Users\Wen\AppData\Local\Programs\MiKTeX 2.9\tex/latex/translator\translato
r-bibliography-dictionary-English.dict"
Dictionary: translator-bibliography-dictionary, Language: English 
)
("C:\Users\Wen\AppData\Local\Programs\MiKTeX 2.9\tex/latex/translator\translato
r-environment-dictionary-English.dict"
Dictionary: translator-environment-dictionary, Language: English 
)
("C:\Users\Wen\AppData\Local\Programs\MiKTeX 2.9\tex/latex/translator\translato
r-months-dictionary-English.dict"
Dictionary: translator-months-dictionary, Language: English 
)
("C:\Users\Wen\AppData\Local\Programs\MiKTeX 2.9\tex/latex/translator\translato
r-numbers-dictionary-English.dict"
Dictionary: translator-numbers-dictionary, Language: English 
)
("C:\Users\Wen\AppData\Local\Programs\MiKTeX 2.9\tex/latex/translator\translato
r-theorem-dictionary-English.dict"
Dictionary: translator-theorem-dictionary, Language: English 
)
("C:\Users\Wen\AppData\Local\Programs\MiKTeX 2.9\tex/latex/ucs\ucsencs.def"
File: ucsencs.def 2011/01/21 Fixes to fontencodings LGR, T3
)
\c@mv@tabular=\count350
\c@mv@boldtabular=\count351

(BUAD2060_BusinessStatistics_Fall2020.nav)
LaTeX Font Info:    Font shape `T1/LinuxLibertineT-TLF/m/n' will be
(Font)              scaled to size 6.0pt on input line 129.
LaTeX Font Info:    Font shape `T1/LinuxLibertineT-TLF/m/n' will be
(Font)              scaled to size 14.4pt on input line 134.
LaTeX Font Info:    Font shape `T1/LinuxLibertineT-TLF/m/n' will be
(Font)              scaled to size 8.0pt on input line 134.
<logo.png, id=92, 596.98032pt x 383.18156pt>
File: logo.png Graphic file (type png)
<use logo.png>
Package pdftex.def Info: logo.png  used on input line 134.
(pdftex.def)             Requested size: 56.9055pt x 36.5254pt.
LaTeX Font Info:    Font shape `T1/LinuxLibertineT-TLF/m/n' will be
(Font)              scaled to size 4.0pt on input line 134.
 [1

{C:/Users/Wen/AppData/Local/MiKTeX/2.9/pdftex/config/pdftex.map} <./logo.png>]
LaTeX Font Info:    Font shape `T1/LinuxLibertineT-TLF/m/n' will be
(Font)              scaled to size 10.0pt on input line 149.

(BUAD2060_BusinessStatistics_Fall2020.toc
LaTeX Font Info:    Font shape `T1/LinuxLibertineT-TLF/m/n' will be
(Font)              scaled to size 9.0pt on input line 10.
) [2

]
(BUAD2060_BusinessStatistics_Fall2020.toc) [3

]
(BUAD2060_BusinessStatistics_Fall2020.toc
LaTeX Font Info:    Trying to load font information for U+msa on input line 55.


("C:\Users\Wen\AppData\Local\Programs\MiKTeX 2.9\tex/latex/amsfonts\umsa.fd"
File: umsa.fd 2013/01/14 v3.01 AMS symbols A
)
LaTeX Font Info:    Trying to load font information for U+msb on input line 55.


("C:\Users\Wen\AppData\Local\Programs\MiKTeX 2.9\tex/latex/amsfonts\umsb.fd"
File: umsb.fd 2013/01/14 v3.01 AMS symbols B
)
LaTeX Font Info:    Font shape `T1/LinuxLibertineT-TLF/m/n' will be
(Font)              scaled to size 5.0pt on input line 55.
LaTeX Font Info:    Font shape `T1/LinuxLibertineT-TLF/m/it' will be
(Font)              scaled to size 9.0pt on input line 55.
LaTeX Font Info:    Font shape `T1/LinuxLibertineT-TLF/m/it' will be
(Font)              scaled to size 6.0pt on input line 55.
LaTeX Font Info:    Font shape `T1/LinuxLibertineT-TLF/m/it' will be
(Font)              scaled to size 5.0pt on input line 55.
)
[4

] [5

]
<dilbertStatistics.png, id=258, 669.2503pt x 202.50656pt>
File: dilbertStatistics.png Graphic file (type png)
<use dilbertStatistics.png>
Package pdftex.def Info: dilbertStatistics.png  used on input line 190.
(pdftex.def)             Requested size: 321.2365pt x 97.20203pt.

Overfull \hbox (13.94662pt too wide) in paragraph at lines 190--190
 [] 
 []

[6

 <./dilbertStatistics.png>]
LaTeX Font Info:    Font shape `T1/LinuxLibertineT-TLF/m/it' will be
(Font)              scaled to size 10.95pt on input line 209.
LaTeX Font Info:    Trying to load font information for T1+LinuxLibertineT-LF o
n input line 209.

("C:\Users\Wen\AppData\Local\Programs\MiKTeX 2.9\tex/latex/libertine\t1linuxlib
ertinet-lf.fd"
File: T1LinuxLibertineT-LF.fd 2017/03/20 (autoinst) Font definitions for T1/Lin
uxLibertineT-LF.
)
LaTeX Font Info:    Font shape `T1/LinuxLibertineT-LF/m/it' will be
(Font)              scaled to size 60.0pt on input line 209.
 [7

] [8

]
<illustration-of-florence-nightingale-holding-lamp.jpg, id=277, 198.9834pt x 28
9.08pt>
File: illustration-of-florence-nightingale-holding-lamp.jpg Graphic file (type 
jpg)
<use illustration-of-florence-nightingale-holding-lamp.jpg>
Package pdftex.def Info: illustration-of-florence-nightingale-holding-lamp.jpg 
 used on input line 239.
(pdftex.def)             Requested size: 94.008pt x 136.5733pt.
<nightingaleChart.jpg, id=278, 578.16pt x 380.1402pt>
File: nightingaleChart.jpg Graphic file (type jpg)
<use nightingaleChart.jpg>
Package pdftex.def Info: nightingaleChart.jpg  used on input line 239.
(pdftex.def)             Requested size: 207.72281pt x 136.5733pt.
 [9

 <./illustration-of-florence-nightingale-holding-lamp.jpg> <./nightingaleChart.
jpg>]
<edwardDeming.jpg, id=284, 207.02344pt x 250.68657pt>
File: edwardDeming.jpg Graphic file (type jpg)
<use edwardDeming.jpg>
Package pdftex.def Info: edwardDeming.jpg  used on input line 249.
(pdftex.def)             Requested size: 110.43896pt x 133.72786pt.
<redBeads.png, id=285, 475.7775pt x 327.47343pt>
File: redBeads.png Graphic file (type png)
<use redBeads.png>
Package pdftex.def Info: redBeads.png  used on input line 249.
(pdftex.def)             Requested size: 194.28596pt x 133.72786pt.
 [10

 <./edwardDeming.jpg> <./redBeads.png>]
LaTeX Font Info:    Font shape `T1/LinuxLibertineT-TLF/m/it' will be
(Font)              scaled to size 8.0pt on input line 266.

[11

] [12

]
<images/dataToKnowledge.png, id=303, 320.8788pt x 218.7372pt>
File: images/dataToKnowledge.png Graphic file (type png)
<use images/dataToKnowledge.png>
Package pdftex.def Info: images/dataToKnowledge.png  used on input line 306.
(pdftex.def)             Requested size: 160.439pt x 109.36832pt.

Overfull \hbox (11.79407pt too wide) in paragraph at lines 306--306
[][]  
 []

[13

 <./images/dataToKnowledge.png>]
LaTeX Font Info:    Font shape `T1/LinuxLibertineT-TLF/b/n' will be
(Font)              scaled to size 10.95pt on input line 340.
 [14

] [15

] [16

]
<images/nowOrNever.jpg, id=326, 1027.84pt x 578.16pt>
File: images/nowOrNever.jpg Graphic file (type jpg)
<use images/nowOrNever.jpg>
Package pdftex.def Info: images/nowOrNever.jpg  used on input line 417.
(pdftex.def)             Requested size: 308.35437pt x 173.44933pt.

Overfull \hbox (1.0645pt too wide) in paragraph at lines 417--417
 [] 
 []

[17

 <./images/nowOrNever.jpg>] [18

] [19

] [20

] [21

]
<images/scaleTypeDataExample.png, id=352, 551.48892pt x 254.23553pt>
File: images/scaleTypeDataExample.png Graphic file (type png)
<use images/scaleTypeDataExample.png>
Package pdftex.def Info: images/scaleTypeDataExample.png  used on input line 50
9.
(pdftex.def)             Requested size: 303.31984pt x 139.82997pt.
 [22

 <./images/scaleTypeDataExample.png>]
LaTeX Font Info:    Font shape `T1/LinuxLibertineT-TLF/m/n' will be
(Font)              scaled to size 7.0pt on input line 539.
LaTeX Font Info:    Font shape `T1/LinuxLibertineT-TLF/m/it' will be
(Font)              scaled to size 10.0pt on input line 539.
LaTeX Font Info:    Font shape `T1/LinuxLibertineT-TLF/m/it' will be
(Font)              scaled to size 7.0pt on input line 539.
 [23

]
<images/crossSectional.png, id=364, 807.7678pt x 347.79938pt>
File: images/crossSectional.png Graphic file (type png)
<use images/crossSectional.png>
Package pdftex.def Info: images/crossSectional.png  used on input line 553.
(pdftex.def)             Requested size: 323.1014pt x 139.11728pt.

Overfull \hbox (15.81152pt too wide) in paragraph at lines 553--553
 [] 
 []

[24

 <./images/crossSectional.png>]
<images/timeSeries.png, id=371, 833.36343pt x 295.1025pt>
File: images/timeSeries.png Graphic file (type png)
<use images/timeSeries.png>
Package pdftex.def Info: images/timeSeries.png  used on input line 565.
(pdftex.def)             Requested size: 300.0106pt x 106.2368pt.
 [25

 <./images/timeSeries.png>] [26

] [27

]
[28

] [29

] [30

] [31

] [32

] [33

] [34

] [35

] [36

]
<images/covidVisualization1.png, id=440, 1104.26839pt x 822.50143pt>
File: images/covidVisualization1.png Graphic file (type png)
<use images/covidVisualization1.png>
Package pdftex.def Info: images/covidVisualization1.png  used on input line 768
.
(pdftex.def)             Requested size: 276.06642pt x 205.62485pt.
 [37

 <./images/covidVisualization1.png>]
<images/ch2visualization2.png, id=448, 3011.25pt x 2007.5pt>
File: images/ch2visualization2.png Graphic file (type png)
<use images/ch2visualization2.png>
Package pdftex.def Info: images/ch2visualization2.png  used on input line 779.
(pdftex.def)             Requested size: 301.14264pt x 200.76175pt.
 [38

 <./images/ch2visualization2.png (PNG copy)>]
<images/ch2PelicanDataSnippet.png, id=454, 460.72125pt x 230.36063pt>
File: images/ch2PelicanDataSnippet.png Graphic file (type png)
<use images/ch2PelicanDataSnippet.png>
Package pdftex.def Info: images/ch2PelicanDataSnippet.png  used on input line 7
96.
(pdftex.def)             Requested size: 322.50267pt x 161.25133pt.

Overfull \hbox (15.2128pt too wide) in paragraph at lines 796--796
 [][] 
 []

LaTeX Font Info:    Font shape `T1/LinuxLibertineT-TLF/m/it' will be
(Font)              scaled to size 14.4pt on input line 796.
[39

 <./images/ch2PelicanDataSnippet.png>]
<images/frequencyTable.png, id=460, 481.04718pt x 230.36063pt>
File: images/frequencyTable.png Graphic file (type png)
<use images/frequencyTable.png>
Package pdftex.def Info: images/frequencyTable.png  used on input line 812.
(pdftex.def)             Requested size: 288.63054pt x 138.21742pt.
 [40

 <./images/frequencyTable.png>]
<images/ch2PieChart.png, id=467, 578.16pt x 433.62pt>
File: images/ch2PieChart.png Graphic file (type png)
<use images/ch2PieChart.png>
Package pdftex.def Info: images/ch2PieChart.png  used on input line 823.
(pdftex.def)             Requested size: 260.16959pt x 195.1272pt.

Overfull \vbox (1.93085pt too high) detected at line 823
 []

[41

 <./images/ch2PieChart.png>]
<images/ch2BarChart.png, id=474, 578.16pt x 433.62pt>
File: images/ch2BarChart.png Graphic file (type png)
<use images/ch2BarChart.png>
Package pdftex.def Info: images/ch2BarChart.png  used on input line 836.
(pdftex.def)             Requested size: 260.16959pt x 195.1272pt.
 [42

 <./images/ch2BarChart.png (PNG copy)>]
<images/ch2ContinuousFrequencyTable.png, id=480, 554.07pt x 447.17062pt>
File: images/ch2ContinuousFrequencyTable.png Graphic file (type png)
<use images/ch2ContinuousFrequencyTable.png>
Package pdftex.def Info: images/ch2ContinuousFrequencyTable.png  used on input 
line 848.
(pdftex.def)             Requested size: 221.62407pt x 178.86507pt.

[43

 <./images/ch2ContinuousFrequencyTable.png>]
<images/ch2Histogram.png, id=488, 462.22687pt x 341.77687pt>
File: images/ch2Histogram.png Graphic file (type png)
<use images/ch2Histogram.png>
Package pdftex.def Info: images/ch2Histogram.png  used on input line 863.
(pdftex.def)             Requested size: 231.11287pt x 170.88802pt.
 [44

 <./images/ch2Histogram.png>]
<images/ch2Histogram1.png, id=495, 478.03593pt x 378.66469pt>
File: images/ch2Histogram1.png Graphic file (type png)
<use images/ch2Histogram1.png>
Package pdftex.def Info: images/ch2Histogram1.png  used on input line 888.
(pdftex.def)             Requested size: 148.1896pt x 117.38483pt.
<images/ch2Histogram2.png, id=496, 436.63126pt x 344.78813pt>
File: images/ch2Histogram2.png Graphic file (type png)
<use images/ch2Histogram2.png>
Package pdftex.def Info: images/ch2Histogram2.png  used on input line 888.
(pdftex.def)             Requested size: 148.45265pt x 117.22641pt.
LaTeX Font Info:    Trying to load font information for T1+LinuxBiolinumT-TLF o
n input line 888.

("C:\Users\Wen\AppData\Local\Programs\MiKTeX 2.9\tex/latex/libertine\t1linuxbio
linumt-tlf.fd"
File: T1LinuxBiolinumT-TLF.fd 2017/03/20 (autoinst) Font definitions for T1/Lin
uxBiolinumT-TLF.
)
LaTeX Font Info:    Font shape `T1/LinuxBiolinumT-TLF/m/n' will be
(Font)              scaled to size 8.0pt on input line 888.
 [45

 <./images/ch2Histogram1.png> <./images/ch2Histogram2.png>]
<images/ch2Histogram3.png, id=506, 559.33969pt x 437.38406pt>
File: images/ch2Histogram3.png Graphic file (type png)
<use images/ch2Histogram3.png>
Package pdftex.def Info: images/ch2Histogram3.png  used on input line 903.
(pdftex.def)             Requested size: 151.02373pt x 118.09526pt.
<images/ch2Histogram4.png, id=507, 558.58687pt x 437.38406pt>
File: images/ch2Histogram4.png Graphic file (type png)
<use images/ch2Histogram4.png>
Package pdftex.def Info: images/ch2Histogram4.png  used on input line 903.
(pdftex.def)             Requested size: 150.82047pt x 118.09526pt.
LaTeX Font Info:    Font shape `T1/LinuxLibertineT-TLF/b/it' will be
(Font)              scaled to size 10.95pt on input line 903.

[46

 <./images/ch2Histogram3.png> <./images/ch2Histogram4.png>]
File: images/ch2Histogram.png Graphic file (type png)
<use images/ch2Histogram.png>
Package pdftex.def Info: images/ch2Histogram.png  used on input line 918.
(pdftex.def)             Requested size: 231.11287pt x 170.88802pt.
 [47

]
<images/ch2Histogram5.png, id=521, 917.67844pt x 347.04657pt>
File: images/ch2Histogram5.png Graphic file (type png)
<use images/ch2Histogram5.png>
Package pdftex.def Info: images/ch2Histogram5.png  used on input line 938.
(pdftex.def)             Requested size: 302.83482pt x 114.52571pt.
 [48

 <./images/ch2Histogram5.png>]
<images/ch2AgeNetSales.png, id=528, 578.16pt x 433.62pt>
File: images/ch2AgeNetSales.png Graphic file (type png)
<use images/ch2AgeNetSales.png>
Package pdftex.def Info: images/ch2AgeNetSales.png  used on input line 947.
(pdftex.def)             Requested size: 260.16959pt x 195.1272pt.
 [49

 <./images/ch2AgeNetSales.png>]
<images/ch2AgeNetSalesRegression.png, id=536, 578.16pt x 433.62pt>
File: images/ch2AgeNetSalesRegression.png Graphic file (type png)
<use images/ch2AgeNetSalesRegression.png>
Package pdftex.def Info: images/ch2AgeNetSalesRegression.png  used on input lin
e 957.
(pdftex.def)             Requested size: 202.35902pt x 151.76927pt.
LaTeX Font Info:    Font shape `T1/LinuxBiolinumT-TLF/m/n' will be
(Font)              scaled to size 10.95pt on input line 957.
 [50

 <./images/ch2AgeNetSalesRegression.png>]
<images/plotCorrelations.png, id=543, 578.16pt x 433.62pt>
File: images/plotCorrelations.png Graphic file (type png)
<use images/plotCorrelations.png>
Package pdftex.def Info: images/plotCorrelations.png  used on input line 968.
(pdftex.def)             Requested size: 260.16959pt x 195.1272pt.

Overfull \vbox (7.59941pt too high) detected at line 968
 []

[51

 <./images/plotCorrelations.png>]
<images/ch2CrossTabQulitative.png, id=550, 423.08063pt x 249.93375pt>
File: images/ch2CrossTabQulitative.png Graphic file (type png)
<use images/ch2CrossTabQulitative.png>
Package pdftex.def Info: images/ch2CrossTabQulitative.png  used on input line 1
000.
(pdftex.def)             Requested size: 169.22925pt x 99.97173pt.

Overfull \hbox (20.58432pt too wide) in paragraph at lines 1000--1000
 [] 
 []

<images/ch2CrossTabQulitativePivot.png, id=551, 254.45062pt x 264.99pt>
File: images/ch2CrossTabQulitativePivot.png Graphic file (type png)
<use images/ch2CrossTabQulitativePivot.png>
Package pdftex.def Info: images/ch2CrossTabQulitativePivot.png  used on input l
ine 1000.
(pdftex.def)             Requested size: 101.77844pt x 105.99411pt.
[52

 <./images/ch2CrossTabQulitative.png> <./images/ch2CrossTabQulitativePivot.png>
]
<images/ch2CrossTabQualitativeContinuous.png, id=559, 765.6103pt x 250.68657pt>

File: images/ch2CrossTabQualitativeContinuous.png Graphic file (type png)
<use images/ch2CrossTabQualitativeContinuous.png>
Package pdftex.def Info: images/ch2CrossTabQualitativeContinuous.png  used on i
nput line 1020.
(pdftex.def)             Requested size: 306.2387pt x 100.27284pt.
 [53

 <./images/ch2CrossTabQualitativeContinuous.png>]
<images/ch2CrossTabContinuous.png, id=566, 755.07094pt x 266.49562pt>
File: images/ch2CrossTabContinuous.png Graphic file (type png)
<use images/ch2CrossTabContinuous.png>
Package pdftex.def Info: images/ch2CrossTabContinuous.png  used on input line 1
039.
(pdftex.def)             Requested size: 302.02303pt x 106.59636pt.
 [54

 <./images/ch2CrossTabContinuous.png>] [55

] [56

] [57

] [58

]
("C:\Users\Wen\AppData\Local\Programs\MiKTeX 2.9\tex/latex/ucs\uni-32.def"
File: uni-32.def 2013/05/13 UCS: Unicode data U+2000..U+20FF
)
[59

]
<images/ch2CheckYourUnderstanding1.png, id=599, 449.42906pt x 243.15843pt>
File: images/ch2CheckYourUnderstanding1.png Graphic file (type png)
<use images/ch2CheckYourUnderstanding1.png>
Package pdftex.def Info: images/ch2CheckYourUnderstanding1.png  used on input l
ine 1160.
(pdftex.def)             Requested size: 224.71397pt x 121.57892pt.
 [60

 <./images/ch2CheckYourUnderstanding1.png>]
File: images/ch2Histogram.png Graphic file (type png)
<use images/ch2Histogram.png>
Package pdftex.def Info: images/ch2Histogram.png  used on input line 1177.
(pdftex.def)             Requested size: 231.11287pt x 170.88802pt.
 [61

] [62

]
<images/ch2MeanMedian.png, id=616, 465.99094pt x 344.03531pt>
File: images/ch2MeanMedian.png Graphic file (type png)
<use images/ch2MeanMedian.png>
Package pdftex.def Info: images/ch2MeanMedian.png  used on input line 1219.
(pdftex.def)             Requested size: 232.99489pt x 172.01723pt.
 [63

 <./images/ch2MeanMedian.png>] [64

]
<images/ch2NetSalesVarianceTwoGroups.png, id=628, 923.70094pt x 357.58594pt>
File: images/ch2NetSalesVarianceTwoGroups.png Graphic file (type png)
<use images/ch2NetSalesVarianceTwoGroups.png>
Package pdftex.def Info: images/ch2NetSalesVarianceTwoGroups.png  used on input
 line 1292.
(pdftex.def)             Requested size: 323.30017pt x 125.15694pt.

Overfull \hbox (16.0103pt too wide) in paragraph at lines 1292--1292
 [][] 
 []

[65

 <./images/ch2NetSalesVarianceTwoGroups.png>] [66

]
<images/uniScatterPlotAnnotated.png, id=640, 578.16pt x 433.62pt>
File: images/uniScatterPlotAnnotated.png Graphic file (type png)
<use images/uniScatterPlotAnnotated.png>
Package pdftex.def Info: images/uniScatterPlotAnnotated.png  used on input line
 1314.
(pdftex.def)             Requested size: 289.07928pt x 216.80946pt.
 [67

 <./images/uniScatterPlotAnnotated.png>] [68

] [69

] [70

]
File: images/ch2NetSalesVarianceTwoGroups.png Graphic file (type png)
<use images/ch2NetSalesVarianceTwoGroups.png>
Package pdftex.def Info: images/ch2NetSalesVarianceTwoGroups.png  used on input
 line 1384.
(pdftex.def)             Requested size: 323.30017pt x 125.15694pt.

Overfull \hbox (16.0103pt too wide) in paragraph at lines 1384--1384
 [][] 
 []

[71

] [72

]
File: images/plotCorrelations.png Graphic file (type png)
<use images/plotCorrelations.png>
Package pdftex.def Info: images/plotCorrelations.png  used on input line 1414.
(pdftex.def)             Requested size: 231.2599pt x 173.44492pt.
 [73

] [74

]
<images/plot0.png, id=684, 578.16pt x 433.62pt>
File: images/plot0.png Graphic file (type png)
<use images/plot0.png>
Package pdftex.def Info: images/plot0.png  used on input line 1444.
(pdftex.def)             Requested size: 260.16959pt x 195.1272pt.

Overfull \vbox (7.59941pt too high) detected at line 1444
 []

[75

 <./images/plot0.png>]
<images/plot1.png, id=691, 578.16pt x 433.62pt>
File: images/plot1.png Graphic file (type png)
<use images/plot1.png>
Package pdftex.def Info: images/plot1.png  used on input line 1452.
(pdftex.def)             Requested size: 289.07928pt x 216.80946pt.
 [76

 <./images/plot1.png>]
<images/plot2.png, id=698, 578.16pt x 433.62pt>
File: images/plot2.png Graphic file (type png)
<use images/plot2.png>
Package pdftex.def Info: images/plot2.png  used on input line 1464.
(pdftex.def)             Requested size: 219.70308pt x 164.77731pt.
 [77

 <./images/plot2.png>]
[78

] [79

]
Overfull \hbox (3.68181pt too wide) in paragraph at lines 1539--1539
[][]  
 []

[80

]
<images/correlationsAllSorts.png, id=722, 433.62pt x 280.8894pt>
File: images/correlationsAllSorts.png Graphic file (type png)
<use images/correlationsAllSorts.png>
Package pdftex.def Info: images/correlationsAllSorts.png  used on input line 15
57.
(pdftex.def)             Requested size: 216.80946pt x 140.44435pt.
 [81

 <./images/correlationsAllSorts.png>] [82

] [83

] [84

] [85

] [86

] [87

]
<images/ch2StockData.png, id=762, 402.64714pt x 374.68553pt>
File: images/ch2StockData.png Graphic file (type png)
<use images/ch2StockData.png>
Package pdftex.def Info: images/ch2StockData.png  used on input line 1679.
(pdftex.def)             Requested size: 161.056pt x 149.87155pt.

[88

 <./images/ch2StockData.png>]
<images/ch2PercentilesNaked.png, id=769, 597.73312pt x 360.59718pt>
File: images/ch2PercentilesNaked.png Graphic file (type png)
<use images/ch2PercentilesNaked.png>
Package pdftex.def Info: images/ch2PercentilesNaked.png  used on input line 169
3.
(pdftex.def)             Requested size: 298.86583pt x 180.29814pt.
 [89

 <./images/ch2PercentilesNaked.png>]
<images/ch2Percentiles.png, id=776, 597.73312pt x 359.84438pt>
File: images/ch2Percentiles.png Graphic file (type png)
<use images/ch2Percentiles.png>
Package pdftex.def Info: images/ch2Percentiles.png  used on input line 1702.
(pdftex.def)             Requested size: 298.86583pt x 179.92174pt.

[90

 <./images/ch2Percentiles.png>] [91

] [92

]
<images/ch2Quartiles.png, id=794, 453.19313pt x 321.45094pt>
File: images/ch2Quartiles.png Graphic file (type png)
<use images/ch2Quartiles.png>
Package pdftex.def Info: images/ch2Quartiles.png  used on input line 1757.
(pdftex.def)             Requested size: 226.59601pt x 160.72507pt.
 [93

 <./images/ch2Quartiles.png>]
[94

] [95

] [96

] [97

]
<images/ch2BoxPlotAnatomy.png, id=822, 1042.64531pt x 478.03593pt>
File: images/ch2BoxPlotAnatomy.png Graphic file (type png)
<use images/ch2BoxPlotAnatomy.png>
Package pdftex.def Info: images/ch2BoxPlotAnatomy.png  used on input line 1839.

(pdftex.def)             Requested size: 323.2167pt x 148.1896pt.

Overfull \hbox (15.92683pt too wide) in paragraph at lines 1839--1839
 [][] 
 []

[98

 <./images/ch2BoxPlotAnatomy.png>]
<images/ch2BoxPlotSingle.png, id=829, 347.79938pt x 433.62pt>
File: images/ch2BoxPlotSingle.png Graphic file (type png)
<use images/ch2BoxPlotSingle.png>
Package pdftex.def Info: images/ch2BoxPlotSingle.png  used on input line 1857.
(pdftex.def)             Requested size: 173.89926pt x 216.80946pt.

Overfull \hbox (25.25433pt too wide) in paragraph at lines 1857--1857
 [] 
 []

<images/ch2BoxPlotSingleNumerics.png, id=830, 198.7425pt x 409.53pt>
File: images/ch2BoxPlotSingleNumerics.png Graphic file (type png)
<use images/ch2BoxPlotSingleNumerics.png>
Package pdftex.def Info: images/ch2BoxPlotSingleNumerics.png  used on input lin
e 1857.
(pdftex.def)             Requested size: 99.371pt x 204.7645pt.

Overfull \vbox (17.40701pt too high) detected at line 1857
 []

[99

 <./images/ch2BoxPlotSingle.png> <./images/ch2BoxPlotSingleNumerics.png>]
<images/ch2BoxPlotGroup.jpg, id=838, 1741.50626pt x 1025.8325pt>
File: images/ch2BoxPlotGroup.jpg Graphic file (type jpg)
<use images/ch2BoxPlotGroup.jpg>
Package pdftex.def Info: images/ch2BoxPlotGroup.jpg  used on input line 1870.
(pdftex.def)             Requested size: 296.05214pt x 174.38922pt.

[100

 <./images/ch2BoxPlotGroup.jpg>] [101

]
<images/ch2EmpiricalRule.png, id=849, 903.375pt x 895.345pt>
File: images/ch2EmpiricalRule.png Graphic file (type png)
<use images/ch2EmpiricalRule.png>
Package pdftex.def Info: images/ch2EmpiricalRule.png  used on input line 1917.
(pdftex.def)             Requested size: 162.60048pt x 161.15514pt.
 [102

 <./images/ch2EmpiricalRule.png>] [103

]
LaTeX Font Info:    Font shape `T1/LinuxBiolinumT-TLF/m/n' will be
(Font)              scaled to size 9.0pt on input line 1950.
 [104

]
<images/ch2HistogramFitting.png, id=869, 591.71063pt x 443.40656pt>
File: images/ch2HistogramFitting.png Graphic file (type png)
<use images/ch2HistogramFitting.png>
Package pdftex.def Info: images/ch2HistogramFitting.png  used on input line 196
3.
(pdftex.def)             Requested size: 177.51456pt x 133.02298pt.
 [105

 <./images/ch2HistogramFitting.png>] [106

] [107

]
LaTeX Font Info:    Font shape `T1/LinuxLibertineT-TLF/m/sl' in size <10.95> no
t available
(Font)              Font shape `T1/LinuxLibertineT-TLF/m/it' tried instead on i
nput line 2015.
LaTeX Font Info:    Font shape `T1/LinuxLibertineT-TLF/m/it' will be
(Font)              scaled to size 10.95pt on input line 2015.
 [108

]
LaTeX Font Info:    Font shape `T1/LinuxLibertineT-TLF/b/n' will be
(Font)              scaled to size 8.0pt on input line 2044.

[109

]
LaTeX Font Info:    Font shape `T1/LinuxLibertineT-TLF/m/n' will be
(Font)              scaled to size 12.0pt on input line 2061.
 [110

]
<images/ch3CoinToss.png, id=904, 828.09375pt x 602.25pt>
File: images/ch3CoinToss.png Graphic file (type png)
<use images/ch3CoinToss.png>
Package pdftex.def Info: images/ch3CoinToss.png  used on input line 2072.
(pdftex.def)             Requested size: 207.02293pt x 150.56212pt.
 [111

 <./images/ch3CoinToss.png>] [112

] [113

] [114

]
<images/ch3RelativeFrequency.png, id=926, 554.82281pt x 271.0125pt>
File: images/ch3RelativeFrequency.png Graphic file (type png)
<use images/ch3RelativeFrequency.png>
Package pdftex.def Info: images/ch3RelativeFrequency.png  used on input line 21
43.
(pdftex.def)             Requested size: 221.92519pt x 108.40306pt.
 [115

 <./images/ch3RelativeFrequency.png>] [116

] [117

]
Overfull \hbox (5.72496pt too wide) detected at line 2191
[] \OT1/cmr/m/n/10.95 = \OMS/cmsy/m/n/10.95 f\OT1/cmr/m/n/10.95 (\T1/LinuxLiber
tineT-TLF/m/n/10.95 2\OML/cmm/m/it/10.95 ; \T1/LinuxLibertineT-TLF/m/n/10.95 7\
OT1/cmr/m/n/10.95 )\OML/cmm/m/it/10.95 ; \OT1/cmr/m/n/10.95 (\T1/LinuxLibertine
T-TLF/m/n/10.95 2\OML/cmm/m/it/10.95 ; \T1/LinuxLibertineT-TLF/m/n/10.95 8\OT1/
cmr/m/n/10.95 )\OML/cmm/m/it/10.95 ; \OT1/cmr/m/n/10.95 (\T1/LinuxLibertineT-TL
F/m/n/10.95 3\OML/cmm/m/it/10.95 ; \T1/LinuxLibertineT-TLF/m/n/10.95 7\OT1/cmr/
m/n/10.95 )\OML/cmm/m/it/10.95 ; :::\OT1/cmr/m/n/10.95 (\T1/LinuxLibertineT-TLF
/m/n/10.95 4\OML/cmm/m/it/10.95 ; \T1/LinuxLibertineT-TLF/m/n/10.95 8\OT1/cmr/m
/n/10.95 )\OMS/cmsy/m/n/10.95 g
 []

[118

]
<images/ch3MultiPhaseProject.png, id=949, 757.97464pt x 349.305pt>
File: images/ch3MultiPhaseProject.png Graphic file (type png)
<use images/ch3MultiPhaseProject.png>
Package pdftex.def Info: images/ch3MultiPhaseProject.png  used on input line 21
99.
(pdftex.def)             Requested size: 303.18448pt x 139.71951pt.
 [119

 <./images/ch3MultiPhaseProject.png>]
<images/ch3MultiPhaseProject2.png, id=956, 757.11429pt x 385.44pt>
File: images/ch3MultiPhaseProject2.png Graphic file (type png)
<use images/ch3MultiPhaseProject2.png>
Package pdftex.def Info: images/ch3MultiPhaseProject2.png  used on input line 2
207.
(pdftex.def)             Requested size: 302.84035pt x 154.17326pt.
 [120

 <./images/ch3MultiPhaseProject2.png>]
<images/ch3MultiPhaseProject3.png, id=963, 759.26518pt x 366.51215pt>
File: images/ch3MultiPhaseProject3.png Graphic file (type png)
<use images/ch3MultiPhaseProject3.png>
Package pdftex.def Info: images/ch3MultiPhaseProject3.png  used on input line 2
219.
(pdftex.def)             Requested size: 303.7007pt x 146.60225pt.
 [121

 <./images/ch3MultiPhaseProject3.png>]
<images/comfortZone.jpg, id=971, 1221.46478pt x 641.26901pt>
File: images/comfortZone.jpg Graphic file (type jpg)
<use images/comfortZone.jpg>
Package pdftex.def Info: images/comfortZone.jpg  used on input line 2226.
(pdftex.def)             Requested size: 317.57335pt x 166.72601pt.

Overfull \hbox (10.28348pt too wide) in paragraph at lines 2226--2226
 [] 
 []

[122

 <./images/comfortZone.jpg>]
<images/ch3VennComplement.png, id=977, 756.25392pt x 279.1859pt>
File: images/ch3VennComplement.png Graphic file (type png)
<use images/ch3VennComplement.png>
Package pdftex.def Info: images/ch3VennComplement.png  used on input line 2242.

(pdftex.def)             Requested size: 302.4962pt x 111.67238pt.
 [123

 <./images/ch3VennComplement.png>]
<images/ch3UnionEvents.png, id=984, 757.97464pt x 278.32553pt>
File: images/ch3UnionEvents.png Graphic file (type png)
<use images/ch3UnionEvents.png>
Package pdftex.def Info: images/ch3UnionEvents.png  used on input line 2254.
(pdftex.def)             Requested size: 303.18448pt x 111.32823pt.

[124

 <./images/ch3UnionEvents.png>]
<images/ch3IntersectionEvents.png, id=991, 758.835pt x 283.48769pt>
File: images/ch3IntersectionEvents.png Graphic file (type png)
<use images/ch3IntersectionEvents.png>
Package pdftex.def Info: images/ch3IntersectionEvents.png  used on input line 2
266.
(pdftex.def)             Requested size: 303.52863pt x 113.39305pt.
 [125

 <./images/ch3IntersectionEvents.png>]
<images/ch3MutuallyExclusiveEvents.png, id=998, 756.25392pt x 278.32553pt>
File: images/ch3MutuallyExclusiveEvents.png Graphic file (type png)
<use images/ch3MutuallyExclusiveEvents.png>
Package pdftex.def Info: images/ch3MutuallyExclusiveEvents.png  used on input l
ine 2282.
(pdftex.def)             Requested size: 302.4962pt x 111.32823pt.

[126

 <./images/ch3MutuallyExclusiveEvents.png>] [127

] [128

] [129

]
<images/ch3ConditionalProbability.png, id=1021, 636.87938pt x 278.54062pt>
File: images/ch3ConditionalProbability.png Graphic file (type png)
<use images/ch3ConditionalProbability.png>
Package pdftex.def Info: images/ch3ConditionalProbability.png  used on input li
ne 2409.
(pdftex.def)             Requested size: 191.06528pt x 83.56282pt.
 [130

 <./images/ch3ConditionalProbability.png>] [131

]
LaTeX Font Info:    Font shape `T1/LinuxLibertineT-TLF/b/n' will be
(Font)              scaled to size 10.0pt on input line 2515.
 [132

] [133

] [134

] [135

] [136

] [137

]
File: images/ch3VennComplement.png Graphic file (type png)
<use images/ch3VennComplement.png>
Package pdftex.def Info: images/ch3VennComplement.png  used on input line 2690.

(pdftex.def)             Requested size: 226.87793pt x 83.75641pt.

[138

]
<images/ch3TreeDiagram.png, id=1069, 724.95844pt x 596.2275pt>
File: images/ch3TreeDiagram.png Graphic file (type png)
<use images/ch3TreeDiagram.png>
Package pdftex.def Info: images/ch3TreeDiagram.png  used on input line 2704.
(pdftex.def)             Requested size: 217.4892pt x 178.86963pt.
 [139

 <./images/ch3TreeDiagram.png>]
<images/ch3SalivaBayesian.png, id=1077, 1293.33188pt x 540.51938pt>
File: images/ch3SalivaBayesian.png Graphic file (type png)
<use images/ch3SalivaBayesian.png>
Package pdftex.def Info: images/ch3SalivaBayesian.png  used on input line 2713.

(pdftex.def)             Requested size: 329.80513pt x 137.83473pt.

Overfull \hbox (22.51526pt too wide) in paragraph at lines 2713--2713
[]  
 []

[140

 <./images/ch3SalivaBayesian.png>] [141

] [142

] [143

]
<images/section4VariableValue.jpg, id=1099, 227.85126pt x 222.8325pt>
File: images/section4VariableValue.jpg Graphic file (type jpg)
<use images/section4VariableValue.jpg>
Package pdftex.def Info: images/section4VariableValue.jpg  used on input line 2
752.
(pdftex.def)             Requested size: 91.13889pt x 89.13141pt.
 [144

 <./images/section4VariableValue.jpg>] [145

]
<images/section4DiscreteRandomExample.png, id=1111, 633.86812pt x 206.27063pt>
File: images/section4DiscreteRandomExample.png Graphic file (type png)
<use images/section4DiscreteRandomExample.png>
Package pdftex.def Info: images/section4DiscreteRandomExample.png  used on inpu
t line 2775.
(pdftex.def)             Requested size: 253.54276pt x 82.50677pt.
 [146

 <./images/section4DiscreteRandomExample.png>]
<images/section4ContinuousRandomExample.png, id=1118, 630.85687pt x 248.42813pt
>
File: images/section4ContinuousRandomExample.png Graphic file (type png)
<use images/section4ContinuousRandomExample.png>
Package pdftex.def Info: images/section4ContinuousRandomExample.png  used on in
put line 2787.
(pdftex.def)             Requested size: 252.33827pt x 99.36949pt.

[147

 <./images/section4ContinuousRandomExample.png>] [148

] [149

] [150

]
<images/section4DevelopingDiscreteProbDist.png, id=1140, 654.94687pt x 396.7322
pt>
File: images/section4DevelopingDiscreteProbDist.png Graphic file (type png)
<use images/section4DevelopingDiscreteProbDist.png>
Package pdftex.def Info: images/section4DevelopingDiscreteProbDist.png  used on
 input line 2863.
(pdftex.def)             Requested size: 196.48558pt x 119.02057pt.
 [151

 <./images/section4DevelopingDiscreteProbDist.png>] [152

] [153

] [154

] [155

]
[156

]
<images/section4Dice.png, id=1173, 632.3625pt x 642.4pt>
File: images/section4Dice.png Graphic file (type png)
<use images/section4Dice.png>
Package pdftex.def Info: images/section4Dice.png  used on input line 2983.
(pdftex.def)             Requested size: 63.23994pt x 64.24376pt.

Overfull \vbox (17.49738pt too high) detected at line 2983
 []

[157

 <./images/section4Dice.png>] [158

] [159

]

Package amsmath Warning: Foreign command \atopwithdelims;
(amsmath)                \frac or \genfrac should be used instead
(amsmath)                 on input line 3045.

[160

]
File: images/ch3TreeDiagram.png Graphic file (type png)
<use images/ch3TreeDiagram.png>
Package pdftex.def Info: images/ch3TreeDiagram.png  used on input line 3063.
(pdftex.def)             Requested size: 217.4892pt x 178.86963pt.
 [161

] [162

]
File: images/ch3TreeDiagram.png Graphic file (type png)
<use images/ch3TreeDiagram.png>
Package pdftex.def Info: images/ch3TreeDiagram.png  used on input line 3099.
(pdftex.def)             Requested size: 217.4892pt x 178.86963pt.

Overfull \vbox (7.80919pt too high) detected at line 3099
 []

[163

] [164

] [165

] [166

] [167

] [168

] [169

] [170

] [171

]
<images/section4BinomNP1.png, id=1254, 288.3272pt x 359.09157pt>
File: images/section4BinomNP1.png Graphic file (type png)
<use images/section4BinomNP1.png>
Package pdftex.def Info: images/section4BinomNP1.png  used on input line 3273.
(pdftex.def)             Requested size: 98.02994pt x 122.08951pt.
<images/section4BinomNP2.png, id=1255, 294.34969pt x 359.09157pt>
File: images/section4BinomNP2.png Graphic file (type png)
<use images/section4BinomNP2.png>
Package pdftex.def Info: images/section4BinomNP2.png  used on input line 3273.
(pdftex.def)             Requested size: 100.07756pt x 122.08951pt.
<images/section4BinomNP3.png, id=1256, 288.3272pt x 338.01282pt>
File: images/section4BinomNP3.png Graphic file (type png)
<use images/section4BinomNP3.png>
Package pdftex.def Info: images/section4BinomNP3.png  used on input line 3273.
(pdftex.def)             Requested size: 98.02994pt x 114.92282pt.
 [172

 <./images/section4BinomNP1.png> <./images/section4BinomNP2.png> <./images/sect
ion4BinomNP3.png>]
[173

] [174

]
<images/section4DiscreteExample.png, id=1272, 449.42906pt x 312.41719pt>
File: images/section4DiscreteExample.png Graphic file (type png)
<use images/section4DiscreteExample.png>
Package pdftex.def Info: images/section4DiscreteExample.png  used on input line
 3329.
(pdftex.def)             Requested size: 148.31204pt x 103.09798pt.
<images/section4ContinuousExample.png, id=1273, 450.18187pt x 310.15875pt>
File: images/section4ContinuousExample.png Graphic file (type png)
<use images/section4ContinuousExample.png>
Package pdftex.def Info: images/section4ContinuousExample.png  used on input li
ne 3329.
(pdftex.def)             Requested size: 148.56047pt x 102.35269pt.
 [175

 <./images/section4DiscreteExample.png> <./images/section4ContinuousExample.png
>] [176

] [177

]
<images/section4ContinuousUniformAreaUnderCurve.png, id=1292, 450.18187pt x 311
.66437pt>
File: images/section4ContinuousUniformAreaUnderCurve.png Graphic file (type png
)
<use images/section4ContinuousUniformAreaUnderCurve.png>
Package pdftex.def Info: images/section4ContinuousUniformAreaUnderCurve.png  us
ed on input line 3381.
(pdftex.def)             Requested size: 135.0556pt x 93.50003pt.
 [178

 <./images/section4ContinuousUniformAreaUnderCurve.png>] [179

] [180

]
<images/section4StatisticalDistributions.png, id=1310, 925.95938pt x 125.71968p
t>
File: images/section4StatisticalDistributions.png Graphic file (type png)
<use images/section4StatisticalDistributions.png>
Package pdftex.def Info: images/section4StatisticalDistributions.png  used on i
nput line 3445.
(pdftex.def)             Requested size: 277.78995pt x 37.71619pt.
 [181

 <./images/section4StatisticalDistributions.png>]
[182

] [183

]
File: images/section4ContinuousUniformAreaUnderCurve.png Graphic file (type png
)
<use images/section4ContinuousUniformAreaUnderCurve.png>
Package pdftex.def Info: images/section4ContinuousUniformAreaUnderCurve.png  us
ed on input line 3507.
(pdftex.def)             Requested size: 135.0556pt x 93.50003pt.
 [184

] [185

] [186

]
<images/section4NormalDistIOWA.png, id=1344, 552.34929pt x 330.37714pt>
File: images/section4NormalDistIOWA.png Graphic file (type png)
<use images/section4NormalDistIOWA.png>
Package pdftex.def Info: images/section4NormalDistIOWA.png  used on input line 
3567.
(pdftex.def)             Requested size: 220.93579pt x 132.1485pt.
 [187

 <./images/section4NormalDistIOWA.png>]
[188

]
<images/mean45sd10.png, id=1358, 578.16pt x 361.35pt>
File: images/mean45sd10.png Graphic file (type png)
<use images/mean45sd10.png>
Package pdftex.def Info: images/mean45sd10.png  used on input line 3589.
(pdftex.def)             Requested size: 317.98898pt x 198.74312pt.

Overfull \hbox (10.69911pt too wide) in paragraph at lines 3589--3589
 [] 
 []


Overfull \vbox (7.34067pt too high) detected at line 3589
 []

[189

 <./images/mean45sd10.png>]
<images/mean45sd10Area.png, id=1365, 578.16pt x 361.35pt>
File: images/mean45sd10Area.png Graphic file (type png)
<use images/mean45sd10Area.png>
Package pdftex.def Info: images/mean45sd10Area.png  used on input line 3598.
(pdftex.def)             Requested size: 317.98898pt x 198.74312pt.

Overfull \hbox (10.69911pt too wide) in paragraph at lines 3598--3598
 [] 
 []

[190

 <./images/mean45sd10Area.png>]
<images/mean45sd10sd5.png, id=1372, 578.16pt x 361.35pt>
File: images/mean45sd10sd5.png Graphic file (type png)
<use images/mean45sd10sd5.png>
Package pdftex.def Info: images/mean45sd10sd5.png  used on input line 3607.
(pdftex.def)             Requested size: 317.98898pt x 198.74312pt.

Overfull \hbox (10.69911pt too wide) in paragraph at lines 3607--3607
 [] 
 []

[191

 <./images/mean45sd10sd5.png>] [192

] [193

]
<images/standardNormal.png, id=1390, 578.16pt x 361.35pt>
File: images/standardNormal.png Graphic file (type png)
<use images/standardNormal.png>
Package pdftex.def Info: images/standardNormal.png  used on input line 3650.
(pdftex.def)             Requested size: 289.07928pt x 180.67456pt.
 [194

 <./images/standardNormal.png>] [195

]
Overfull \hbox (7.4269pt too wide) in paragraph at lines 3716--3716
 [] 
 []

File: images/ch2EmpiricalRule.png Graphic file (type png)
<use images/ch2EmpiricalRule.png>
Package pdftex.def Info: images/ch2EmpiricalRule.png  used on input line 3716.
(pdftex.def)             Requested size: 135.5004pt x 134.29594pt.
[196

] [197

]
<images/section4zTableLookup.png, id=1415, 721.83965pt x 507.18054pt>
File: images/section4zTableLookup.png Graphic file (type png)
<use images/section4zTableLookup.png>
Package pdftex.def Info: images/section4zTableLookup.png  used on input line 37
59.
(pdftex.def)             Requested size: 288.73074pt x 202.8686pt.
 [198

 <./images/section4zTableLookup.png>]
Overfull \hbox (19.35178pt too wide) in paragraph at lines 3787--3787
 [] 
 []

[199

] [200

]
<images/standardNormalApplications.png, id=1433, 578.16pt x 361.35pt>
File: images/standardNormalApplications.png Graphic file (type png)
<use images/standardNormalApplications.png>
Package pdftex.def Info: images/standardNormalApplications.png  used on input l
ine 3811.
(pdftex.def)             Requested size: 317.98898pt x 198.74312pt.

Overfull \hbox (10.69911pt too wide) in paragraph at lines 3811--3811
 [] 
 []

[201

 <./images/standardNormalApplications.png>] [202

] [203

] [204

] [205

]
<images/standardNormalBlank.png, id=1462, 578.16pt x 361.35pt>
File: images/standardNormalBlank.png Graphic file (type png)
<use images/standardNormalBlank.png>
Package pdftex.def Info: images/standardNormalBlank.png  used on input line 390
8.
(pdftex.def)             Requested size: 317.98898pt x 198.74312pt.

Overfull \hbox (10.69911pt too wide) in paragraph at lines 3908--3908
 [] 
 []

[206

 <./images/standardNormalBlank.png>] [207

]
File: images/section4zTableLookup.png Graphic file (type png)
<use images/section4zTableLookup.png>
Package pdftex.def Info: images/section4zTableLookup.png  used on input line 39
36.
(pdftex.def)             Requested size: 260.0pt x 182.68546pt.
<images/section4zTableLookup15.png, id=1474, 683.55376pt x 106.68428pt>
File: images/section4zTableLookup15.png Graphic file (type png)
<use images/section4zTableLookup15.png>
Package pdftex.def Info: images/section4zTableLookup15.png  used on input line 
3936.
(pdftex.def)             Requested size: 250.0pt x 39.01837pt.
 [208

 <./images/section4zTableLookup15.png>] [209

] [210

] [211

] [212

] [213

] [214

] [215

]
<images/section5PopulationSample.png, id=1517, 1887.05pt x 1037.8775pt>
File: images/section5PopulationSample.png Graphic file (type png)
<use images/section5PopulationSample.png>
Package pdftex.def Info: images/section5PopulationSample.png  used on input lin
e 4042.
(pdftex.def)             Requested size: 188.71605pt x 103.79382pt.
 [216

 <./images/section5PopulationSample.png>] [217

] [218

] [219

] [220

] [221

]
<images/section5RandomNumber.png, id=1550, 406.51875pt x 280.79906pt>
File: images/section5RandomNumber.png Graphic file (type png)
<use images/section5RandomNumber.png>
Package pdftex.def Info: images/section5RandomNumber.png  used on input line 41
54.
(pdftex.def)             Requested size: 162.60461pt x 112.31763pt.
 [222

 <./images/section5RandomNumber.png>] [223

]
<images/section5PointEstimators.png, id=1563, 813.46768pt x 306.28714pt>
File: images/section5PointEstimators.png Graphic file (type png)
<use images/section5PointEstimators.png>
Package pdftex.def Info: images/section5PointEstimators.png  used on input line
 4194.
(pdftex.def)             Requested size: 244.04219pt x 91.88684pt.
 [224

 <./images/section5PointEstimators.png>] [225

] [226

]
[227

] [228

] [229

] [230

]
<images/section4SamplingDistfromPop.png, id=1601, 605.26125pt x 684.84428pt>
File: images/section4SamplingDistfromPop.png Graphic file (type png)
<use images/section4SamplingDistfromPop.png>
Package pdftex.def Info: images/section4SamplingDistfromPop.png  used on input 
line 4295.
(pdftex.def)             Requested size: 139.20715pt x 157.51086pt.
 [231

 <./images/section4SamplingDistfromPop.png>]
[232

]
<images/samplingDistMean.png, id=1613, 578.16pt x 361.35pt>
File: images/samplingDistMean.png Graphic file (type png)
<use images/samplingDistMean.png>
Package pdftex.def Info: images/samplingDistMean.png  used on input line 4334.
(pdftex.def)             Requested size: 289.07928pt x 180.67456pt.
 [233

 <./images/samplingDistMean.png>] [234

] [235

] [236

] [237

] [238

]
[239

] [240

] [241

] [242

] [243

] [244

] [245

] [246

]
<images/normalDistAreaSamplingDistMean45SE2.png, id=1687, 578.16pt x 361.35pt>
File: images/normalDistAreaSamplingDistMean45SE2.png Graphic file (type png)
<use images/normalDistAreaSamplingDistMean45SE2.png>
Package pdftex.def Info: images/normalDistAreaSamplingDistMean45SE2.png  used o
n input line 4547.
(pdftex.def)             Requested size: 289.07928pt x 180.67456pt.
 [247

 <./images/normalDistAreaSamplingDistMean45SE2.png>]
File: images/normalDistAreaSamplingDistMean45SE2.png Graphic file (type png)
<use images/normalDistAreaSamplingDistMean45SE2.png>
Package pdftex.def Info: images/normalDistAreaSamplingDistMean45SE2.png  used o
n input line 4558.
(pdftex.def)             Requested size: 231.2599pt x 144.53743pt.
 [248

] [249

] [250

]
<images/SamplingDistIntervals.png, id=1710, 578.16pt x 361.35pt>
File: images/SamplingDistIntervals.png Graphic file (type png)
<use images/SamplingDistIntervals.png>
Package pdftex.def Info: images/SamplingDistIntervals.png  used on input line 4
597.
(pdftex.def)             Requested size: 289.07928pt x 180.67456pt.
 [251

 <./images/SamplingDistIntervals.png>]
<images/section5ConfidenceIntervalMu.png, id=1717, 702.625pt x 521.95pt>
File: images/section5ConfidenceIntervalMu.png Graphic file (type png)
<use images/section5ConfidenceIntervalMu.png>
Package pdftex.def Info: images/section5ConfidenceIntervalMu.png  used on input
 line 4609.
(pdftex.def)             Requested size: 230.86334pt x 171.49538pt.
 [252

 <./images/section5ConfidenceIntervalMu.png (PNG copy)>] [253

]
[254

] [255

] [256

] [257

] [258

] [259

] [260

] [261

]
<images/section5ConfidenceIntervalP.png, id=1771, 702.625pt x 501.875pt>
File: images/section5ConfidenceIntervalP.png Graphic file (type png)
<use images/section5ConfidenceIntervalP.png>
Package pdftex.def Info: images/section5ConfidenceIntervalP.png  used on input 
line 4777.
(pdftex.def)             Requested size: 250.93842pt x 179.24281pt.
 [262

 <./images/section5ConfidenceIntervalP.png (PNG copy)>] [263

] [264

] [265

] [266

] [267

] [268

] [269

]
<images/normalandTdf-1.png, id=1814, 578.16pt x 361.35pt>
File: images/normalandTdf-1.png Graphic file (type png)
<use images/normalandTdf-1.png>
Package pdftex.def Info: images/normalandTdf-1.png  used on input line 4885.
(pdftex.def)             Requested size: 300.64493pt x 187.90308pt.
 [270

 <./images/normalandTdf-1.png>]
<images/normalandTdf-2.png, id=1821, 578.16pt x 361.35pt>
File: images/normalandTdf-2.png Graphic file (type png)
<use images/normalandTdf-2.png>
Package pdftex.def Info: images/normalandTdf-2.png  used on input line 4897.
(pdftex.def)             Requested size: 300.64493pt x 187.90308pt.
 [271

 <./images/normalandTdf-2.png>]
<images/section5ttable.png, id=1829, 616.55344pt x 440.39531pt>
File: images/section5ttable.png Graphic file (type png)
<use images/section5ttable.png>
Package pdftex.def Info: images/section5ttable.png  used on input line 4906.
(pdftex.def)             Requested size: 308.27596pt x 220.19711pt.

Overfull \hbox (0.98608pt too wide) in paragraph at lines 4906--4906
[][]  
 []

[272

 <./images/section5ttable.png>] [273

] [274

] [275

] [276

] [277

] [278

]
[279

] [280

] [281

]
Overfull \hbox (8.65146pt too wide) detected at line 5063
\T1/LinuxLibertineT-TLF/m/it/10.95 p[] \OT1/cmr/m/n/10.95 = \T1/LinuxLibertineT
-TLF/m/it/10.95 p\OT1/cmr/m/n/10.95 ([] \OMS/cmsy/m/n/10.95  \T1/LinuxLibertin
eT-TLF/m/n/10.95 11\OML/cmm/m/it/10.95 :\T1/LinuxLibertineT-TLF/m/n/10.95 3\OT1
/cmr/m/n/10.95 ) = [] = \T1/LinuxLibertineT-TLF/m/n/10.95 0\OML/cmm/m/it/10.95 
:\T1/LinuxLibertineT-TLF/m/n/10.95 0010
 []

[282

]
<images/HypothesisTesting12.png, id=1887, 578.16pt x 361.35pt>
File: images/HypothesisTesting12.png Graphic file (type png)
<use images/HypothesisTesting12.png>
Package pdftex.def Info: images/HypothesisTesting12.png  used on input line 507
2.
(pdftex.def)             Requested size: 289.07928pt x 180.67456pt.
 [283

 <./images/HypothesisTesting12.png>] [284

] [285

] [286

]
<images/TypeITypeIIErrors.png, id=1910, 720.11893pt x 227.99464pt>
File: images/TypeITypeIIErrors.png Graphic file (type png)
<use images/TypeITypeIIErrors.png>
Package pdftex.def Info: images/TypeITypeIIErrors.png  used on input line 5144.

(pdftex.def)             Requested size: 288.04247pt x 91.19623pt.
 [287

 <./images/TypeITypeIIErrors.png>] [288

] [289

] [290

] [291

]
<images/HypothesisTestingK.png, id=1938, 578.16pt x 361.35pt>
File: images/HypothesisTestingK.png Graphic file (type png)
<use images/HypothesisTestingK.png>
Package pdftex.def Info: images/HypothesisTestingK.png  used on input line 5218
.
(pdftex.def)             Requested size: 231.2599pt x 144.53743pt.
 [292

 <./images/HypothesisTestingK.png>]
<images/HypothesisTestingUpperK.png, id=1945, 578.16pt x 361.35pt>
File: images/HypothesisTestingUpperK.png Graphic file (type png)
<use images/HypothesisTestingUpperK.png>
Package pdftex.def Info: images/HypothesisTestingUpperK.png  used on input line
 5229.
(pdftex.def)             Requested size: 289.07928pt x 180.67456pt.
 [293

 <./images/HypothesisTestingUpperK.png>]
<images/HypothesisTestingBothK.png, id=1952, 578.16pt x 361.35pt>
File: images/HypothesisTestingBothK.png Graphic file (type png)
<use images/HypothesisTestingBothK.png>
Package pdftex.def Info: images/HypothesisTestingBothK.png  used on input line 
5240.
(pdftex.def)             Requested size: 289.07928pt x 180.67456pt.
 [294

 <./images/HypothesisTestingBothK.png>] [295

] [296

] [297

]
<images/HypothesisTestingTwoSided.png, id=1975, 578.16pt x 361.35pt>
File: images/HypothesisTestingTwoSided.png Graphic file (type png)
<use images/HypothesisTestingTwoSided.png>
Package pdftex.def Info: images/HypothesisTestingTwoSided.png  used on input li
ne 5303.
(pdftex.def)             Requested size: 289.07928pt x 180.67456pt.
 [298

 <./images/HypothesisTestingTwoSided.png>]
<images/HypothesisTestingOneSided.png, id=1982, 578.16pt x 361.35pt>
File: images/HypothesisTestingOneSided.png Graphic file (type png)
<use images/HypothesisTestingOneSided.png>
Package pdftex.def Info: images/HypothesisTestingOneSided.png  used on input li
ne 5314.
(pdftex.def)             Requested size: 289.07928pt x 180.67456pt.
 [299

 <./images/HypothesisTestingOneSided.png>] [300

] [301

]
\tf@nav=\write6
\openout6 = `BUAD2060_BusinessStatistics_Fall2020.nav'.

\tf@toc=\write7
\openout7 = `BUAD2060_BusinessStatistics_Fall2020.toc'.

\tf@snm=\write8
\openout8 = `BUAD2060_BusinessStatistics_Fall2020.snm'.



Package movie15 Warning: @@@@@@@@@@@@@@@@@@@@@@@@@@@@@@@@@@@@@@@
(movie15)                @@ Package `movie15' is obsolete and @@
(movie15)                @@ superseded by `media9'.           @@
(movie15)                @@@@@@@@@@@@@@@@@@@@@@@@@@@@@@@@@@@@@@@.

Package atveryend Info: Empty hook `BeforeClearDocument' on input line 5759.
Package atveryend Info: Empty hook `AfterLastShipout' on input line 5759.
(BUAD2060_BusinessStatistics_Fall2020.aux)
Package atveryend Info: Executing hook `AtVeryEndDocument' on input line 5759.
Package atveryend Info: Executing hook `AtEndAfterFileList' on input line 5759.

Package rerunfilecheck Info: File `BUAD2060_BusinessStatistics_Fall2020.out' ha
s not changed.
(rerunfilecheck)             Checksum: 27178C92C9F73D96336A2A127A30853A;1467.
 ) 
Here is how much of TeX's memory you used:
 26662 strings out of 481225
 522517 string characters out of 2905204
 801462 words of memory out of 3000000
 40839 multiletter control sequences out of 15000+200000
 697419 words of font info for 121 fonts, out of 3000000 for 9000
 1141 hyphenation exceptions out of 8191
 63i,16n,67p,824b,949s stack positions out of 5000i,500n,10000p,200000b,50000s
{C:/Users/Wen/AppData/Local/Programs/MiKTeX 2.9/fonts/enc/dvips/libertine/lbt
n_ki75ao.enc}{C:/Users/Wen/AppData/Local/Programs/MiKTeX 2.9/fonts/enc/dvips/li
bertine/lbtn_25tcsq.enc}{C:/Users/Wen/AppData/Local/Programs/MiKTeX 2.9/fonts/e
nc/dvips/libertine/lbtn_nh77jq.enc}{C:/Users/Wen/AppData/Local/Programs/MiKTeX 
2.9/fonts/enc/dvips/libertine/lbtn_7grukw.enc}{C:/Users/Wen/AppData/Local/Progr
ams/MiKTeX 2.9/fonts/enc/dvips/libertine/lbtn_dc4jmj.enc}{C:/Users/Wen/AppData/
Local/Programs/MiKTeX 2.9/fonts/enc/dvips/libertine/lbtn_76gpa5.enc}<C:/Users/W
en/AppData/Local/Programs/MiKTeX 2.9/fonts/type1/public/libertine/LinBiolinumT.
pfb><C:/Users/Wen/AppData/Local/Programs/MiKTeX 2.9/fonts/type1/public/libertin
e/LinLibertineT.pfb><C:/Users/Wen/AppData/Local/Programs/MiKTeX 2.9/fonts/type1
/public/libertine/LinLibertineTB.pfb><C:/Users/Wen/AppData/Local/Programs/MiKTe
X 2.9/fonts/type1/public/libertine/LinLibertineTBI.pfb><C:/Users/Wen/AppData/Lo
cal/Programs/MiKTeX 2.9/fonts/type1/public/libertine/LinLibertineTI.pfb><C:/Use
rs/Wen/AppData/Local/Programs/MiKTeX 2.9/fonts/type1/public/amsfonts/cm/cmex10.
pfb><C:/Users/Wen/AppData/Local/Programs/MiKTeX 2.9/fonts/type1/public/amsfonts
/cmextra/cmex7.pfb><C:/Users/Wen/AppData/Local/Programs/MiKTeX 2.9/fonts/type1/
public/amsfonts/cm/cmmi10.pfb><C:/Users/Wen/AppData/Local/Programs/MiKTeX 2.9/f
onts/type1/public/amsfonts/cm/cmmi12.pfb><C:/Users/Wen/AppData/Local/Programs/M
iKTeX 2.9/fonts/type1/public/amsfonts/cm/cmmi5.pfb><C:/Users/Wen/AppData/Local/
Programs/MiKTeX 2.9/fonts/type1/public/amsfonts/cm/cmmi6.pfb><C:/Users/Wen/AppD
ata/Local/Programs/MiKTeX 2.9/fonts/type1/public/amsfonts/cm/cmmi8.pfb><C:/User
s/Wen/AppData/Local/Programs/MiKTeX 2.9/fonts/type1/public/amsfonts/cm/cmmi9.pf
b><C:/Users/Wen/AppData/Local/Programs/MiKTeX 2.9/fonts/type1/public/amsfonts/c
m/cmr10.pfb><C:/Users/Wen/AppData/Local/Programs/MiKTeX 2.9/fonts/type1/public/
amsfonts/cm/cmr12.pfb><C:/Users/Wen/AppData/Local/Programs/MiKTeX 2.9/fonts/typ
e1/public/amsfonts/cm/cmr8.pfb><C:/Users/Wen/AppData/Local/Programs/MiKTeX 2.9/
fonts/type1/public/amsfonts/cm/cmr9.pfb><C:/Users/Wen/AppData/Local/Programs/Mi
KTeX 2.9/fonts/type1/public/amsfonts/cm/cmsy10.pfb><C:/Users/Wen/AppData/Local/
Programs/MiKTeX 2.9/fonts/type1/public/amsfonts/cm/cmsy5.pfb><C:/Users/Wen/AppD
ata/Local/Programs/MiKTeX 2.9/fonts/type1/public/amsfonts/cm/cmsy6.pfb><C:/User
s/Wen/AppData/Local/Programs/MiKTeX 2.9/fonts/type1/public/amsfonts/cm/cmsy8.pf
b><C:/Users/Wen/AppData/Local/Programs/MiKTeX 2.9/fonts/type1/public/amsfonts/c
m/cmsy9.pfb><C:/Users/Wen/AppData/Local/Programs/MiKTeX 2.9/fonts/type1/public/
amsfonts/symbols/msam10.pfb>
Output written on BUAD2060_BusinessStatistics_Fall2020.pdf (301 pages, 8635272 
bytes).
PDF statistics:
 2225 PDF objects out of 2487 (max. 8388607)
 659 named destinations out of 1000 (max. 500000)
 731 words of extra memory for PDF output out of 10000 (max. 10000000)

